[2025-11-03 09:59:38Z INFO HostContext] No proxy settings were found based on environmental variables (http_proxy/https_proxy/HTTP_PROXY/HTTPS_PROXY)
[2025-11-03 09:59:38Z INFO HostContext] Well known directory 'Bin': 'D:\projects\devops-lab-1\actions-runner\actions-runner-win-x64-2.329.0\bin'
[2025-11-03 09:59:38Z INFO HostContext] Well known directory 'Root': 'D:\projects\devops-lab-1\actions-runner\actions-runner-win-x64-2.329.0'
[2025-11-03 09:59:38Z INFO HostContext] Well known config file 'Credentials': 'D:\projects\devops-lab-1\actions-runner\actions-runner-win-x64-2.329.0\.credentials'
[2025-11-03 09:59:38Z INFO HostContext] Well known directory 'Bin': 'D:\projects\devops-lab-1\actions-runner\actions-runner-win-x64-2.329.0\bin'
[2025-11-03 09:59:38Z INFO HostContext] Well known directory 'Root': 'D:\projects\devops-lab-1\actions-runner\actions-runner-win-x64-2.329.0'
[2025-11-03 09:59:38Z INFO HostContext] Well known config file 'Runner': 'D:\projects\devops-lab-1\actions-runner\actions-runner-win-x64-2.329.0\.runner'
[2025-11-03 09:59:38Z INFO Listener] Runner is built for Windows (X64) - win-x64.
[2025-11-03 09:59:38Z INFO Listener] RuntimeInformation: Microsoft Windows 10.0.19045.
[2025-11-03 09:59:38Z INFO Listener] Version: 2.329.0
[2025-11-03 09:59:38Z INFO Listener] Commit: c76c59996c8fa32e989164a5a695efb12608ae5a
[2025-11-03 09:59:38Z INFO Listener] Culture: es-ES
[2025-11-03 09:59:38Z INFO Listener] UI Culture: es-ES
[2025-11-03 09:59:38Z INFO HostContext] Well known directory 'Bin': 'D:\projects\devops-lab-1\actions-runner\actions-runner-win-x64-2.329.0\bin'
[2025-11-03 09:59:38Z INFO HostContext] Well known directory 'Root': 'D:\projects\devops-lab-1\actions-runner\actions-runner-win-x64-2.329.0'
[2025-11-03 09:59:38Z INFO Listener] Validating directory permissions for: 'D:\projects\devops-lab-1\actions-runner\actions-runner-win-x64-2.329.0'
[2025-11-03 09:59:38Z INFO CommandLineParser] Parse
[2025-11-03 09:59:38Z INFO CommandLineParser] Parsing 5 args
[2025-11-03 09:59:38Z INFO CommandLineParser] parsing argument
[2025-11-03 09:59:38Z INFO CommandLineParser] HasArgs: False
[2025-11-03 09:59:38Z INFO CommandLineParser] Adding Command: configure
[2025-11-03 09:59:38Z INFO CommandLineParser] parsing argument
[2025-11-03 09:59:38Z INFO CommandLineParser] HasArgs: True
[2025-11-03 09:59:38Z INFO CommandLineParser] arg: url
[2025-11-03 09:59:38Z INFO CommandLineParser] parsing argument
[2025-11-03 09:59:38Z INFO CommandLineParser] HasArgs: True
[2025-11-03 09:59:38Z INFO CommandLineParser] Adding option 'url': 'https://github.com/roqval22/devops-lab-1'
[2025-11-03 09:59:38Z INFO CommandLineParser] parsing argument
[2025-11-03 09:59:38Z INFO CommandLineParser] HasArgs: True
[2025-11-03 09:59:38Z INFO CommandLineParser] arg: token
[2025-11-03 09:59:38Z INFO CommandLineParser] parsing argument
[2025-11-03 09:59:38Z INFO CommandLineParser] HasArgs: True
[2025-11-03 09:59:38Z INFO CommandLineParser] Adding option 'token': '***'
[2025-11-03 09:59:38Z INFO Listener] Arguments parsed
[2025-11-03 09:59:38Z INFO Runner] ExecuteCommand
[2025-11-03 09:59:38Z INFO ConfigurationStore] currentAssemblyLocation: D:\projects\devops-lab-1\actions-runner\actions-runner-win-x64-2.329.0\bin\Runner.Listener.dll
[2025-11-03 09:59:38Z INFO HostContext] Well known directory 'Bin': 'D:\projects\devops-lab-1\actions-runner\actions-runner-win-x64-2.329.0\bin'
[2025-11-03 09:59:38Z INFO ConfigurationStore] binPath: D:\projects\devops-lab-1\actions-runner\actions-runner-win-x64-2.329.0\bin
[2025-11-03 09:59:38Z INFO HostContext] Well known directory 'Bin': 'D:\projects\devops-lab-1\actions-runner\actions-runner-win-x64-2.329.0\bin'
[2025-11-03 09:59:38Z INFO HostContext] Well known directory 'Root': 'D:\projects\devops-lab-1\actions-runner\actions-runner-win-x64-2.329.0'
[2025-11-03 09:59:38Z INFO ConfigurationStore] RootFolder: D:\projects\devops-lab-1\actions-runner\actions-runner-win-x64-2.329.0
[2025-11-03 09:59:38Z INFO HostContext] Well known directory 'Bin': 'D:\projects\devops-lab-1\actions-runner\actions-runner-win-x64-2.329.0\bin'
[2025-11-03 09:59:38Z INFO HostContext] Well known directory 'Root': 'D:\projects\devops-lab-1\actions-runner\actions-runner-win-x64-2.329.0'
[2025-11-03 09:59:38Z INFO HostContext] Well known config file 'Runner': 'D:\projects\devops-lab-1\actions-runner\actions-runner-win-x64-2.329.0\.runner'
[2025-11-03 09:59:38Z INFO ConfigurationStore] ConfigFilePath: D:\projects\devops-lab-1\actions-runner\actions-runner-win-x64-2.329.0\.runner
[2025-11-03 09:59:38Z INFO HostContext] Well known directory 'Bin': 'D:\projects\devops-lab-1\actions-runner\actions-runner-win-x64-2.329.0\bin'
[2025-11-03 09:59:38Z INFO HostContext] Well known directory 'Root': 'D:\projects\devops-lab-1\actions-runner\actions-runner-win-x64-2.329.0'
[2025-11-03 09:59:38Z INFO HostContext] Well known config file 'MigratedRunner': 'D:\projects\devops-lab-1\actions-runner\actions-runner-win-x64-2.329.0\.runner_migrated'
[2025-11-03 09:59:38Z INFO ConfigurationStore] MigratedConfigFilePath: D:\projects\devops-lab-1\actions-runner\actions-runner-win-x64-2.329.0\.runner_migrated
[2025-11-03 09:59:38Z INFO HostContext] Well known directory 'Bin': 'D:\projects\devops-lab-1\actions-runner\actions-runner-win-x64-2.329.0\bin'
[2025-11-03 09:59:38Z INFO HostContext] Well known directory 'Root': 'D:\projects\devops-lab-1\actions-runner\actions-runner-win-x64-2.329.0'
[2025-11-03 09:59:38Z INFO HostContext] Well known config file 'Credentials': 'D:\projects\devops-lab-1\actions-runner\actions-runner-win-x64-2.329.0\.credentials'
[2025-11-03 09:59:38Z INFO ConfigurationStore] CredFilePath: D:\projects\devops-lab-1\actions-runner\actions-runner-win-x64-2.329.0\.credentials
[2025-11-03 09:59:38Z INFO HostContext] Well known directory 'Bin': 'D:\projects\devops-lab-1\actions-runner\actions-runner-win-x64-2.329.0\bin'
[2025-11-03 09:59:38Z INFO HostContext] Well known directory 'Root': 'D:\projects\devops-lab-1\actions-runner\actions-runner-win-x64-2.329.0'
[2025-11-03 09:59:38Z INFO HostContext] Well known config file 'MigratedCredentials': 'D:\projects\devops-lab-1\actions-runner\actions-runner-win-x64-2.329.0\.credentials_migrated'
[2025-11-03 09:59:38Z INFO ConfigurationStore] MigratedCredFilePath: D:\projects\devops-lab-1\actions-runner\actions-runner-win-x64-2.329.0\.credentials_migrated
[2025-11-03 09:59:38Z INFO HostContext] Well known directory 'Bin': 'D:\projects\devops-lab-1\actions-runner\actions-runner-win-x64-2.329.0\bin'
[2025-11-03 09:59:38Z INFO HostContext] Well known directory 'Root': 'D:\projects\devops-lab-1\actions-runner\actions-runner-win-x64-2.329.0'
[2025-11-03 09:59:38Z INFO HostContext] Well known config file 'Service': 'D:\projects\devops-lab-1\actions-runner\actions-runner-win-x64-2.329.0\.service'
[2025-11-03 09:59:38Z INFO ConfigurationStore] ServiceConfigFilePath: D:\projects\devops-lab-1\actions-runner\actions-runner-win-x64-2.329.0\.service
[2025-11-03 09:59:38Z INFO CommandSettings] Flag 'help': 'False'
[2025-11-03 09:59:38Z INFO CommandSettings] Flag 'version': 'False'
[2025-11-03 09:59:38Z INFO CommandSettings] Flag 'commit': 'False'
[2025-11-03 09:59:38Z INFO CommandSettings] Flag 'check': 'False'
[2025-11-03 09:59:38Z INFO CommandSettings] Command 'configure': 'True'
[2025-11-03 09:59:38Z INFO Terminal] WRITE LINE: 
[2025-11-03 09:59:38Z INFO Terminal] WRITE LINE: --------------------------------------------------------------------------------
[2025-11-03 09:59:38Z INFO Terminal] WRITE LINE: |        ____ _ _   _   _       _          _        _   _                      |
[2025-11-03 09:59:38Z INFO Terminal] WRITE LINE: |       / ___(_) |_| | | |_   _| |__      / \   ___| |_(_) ___  _ __  ___      |
[2025-11-03 09:59:38Z INFO Terminal] WRITE LINE: |      | |  _| | __| |_| | | | | '_ \    / _ \ / __| __| |/ _ \| '_ \/ __|     |
[2025-11-03 09:59:38Z INFO Terminal] WRITE LINE: |      | |_| | | |_|  _  | |_| | |_) |  / ___ \ (__| |_| | (_) | | | \__ \     |
[2025-11-03 09:59:38Z INFO Terminal] WRITE LINE: |       \____|_|\__|_| |_|\__,_|_.__/  /_/   \_\___|\__|_|\___/|_| |_|___/     |
[2025-11-03 09:59:38Z INFO Terminal] WRITE LINE: |                                                                              |
[2025-11-03 09:59:38Z INFO Terminal] WRITE: |                       
[2025-11-03 09:59:38Z INFO Terminal] WRITE: Self-hosted runner registration
[2025-11-03 09:59:38Z INFO Terminal] WRITE LINE:                         |
[2025-11-03 09:59:38Z INFO Terminal] WRITE LINE: |                                                                              |
[2025-11-03 09:59:38Z INFO Terminal] WRITE LINE: --------------------------------------------------------------------------------
[2025-11-03 09:59:38Z INFO ConfigurationManager] ConfigureAsync
[2025-11-03 09:59:38Z INFO CommandSettings] Flag 'generateServiceConfig': 'False'
[2025-11-03 09:59:38Z INFO ConfigurationStore] IsConfigured()
[2025-11-03 09:59:38Z INFO ConfigurationStore] IsConfigured: False
[2025-11-03 09:59:38Z INFO ConfigurationManager] Is configured: False
[2025-11-03 09:59:38Z INFO CommandSettings] Arg 'url': 'https://github.com/roqval22/devops-lab-1'
[2025-11-03 09:59:38Z INFO CommandSettings] Remove url from Arg dictionary.
[2025-11-03 09:59:38Z INFO CommandSettings] Arg 'token': '***'
[2025-11-03 09:59:38Z INFO CommandSettings] Remove token from Arg dictionary.
[2025-11-03 09:59:39Z INFO ConfigurationManager] Http response code: OK from 'POST https://api.github.com/actions/runner-registration' (CE9D:3557FB:32413EF:2FE830A:69087D0B)
[2025-11-03 09:59:39Z INFO ConfigurationManager] Using runner-admin flow: False
[2025-11-03 09:59:39Z INFO ConfigurationManager] cred retrieved via GitHub auth
[2025-11-03 09:59:39Z INFO RunnerServer] EstablishVssConnection
[2025-11-03 09:59:39Z INFO RunnerServer] Establish connection with 100 seconds timeout.
[2025-11-03 09:59:39Z INFO GitHubActionsService] Starting operation Location.GetConnectionData
[2025-11-03 09:59:39Z INFO RunnerServer] EstablishVssConnection
[2025-11-03 09:59:39Z INFO RunnerServer] Establish connection with 60 seconds timeout.
[2025-11-03 09:59:39Z INFO GitHubActionsService] Starting operation Location.GetConnectionData
[2025-11-03 09:59:39Z INFO RunnerServer] EstablishVssConnection
[2025-11-03 09:59:39Z INFO RunnerServer] Establish connection with 60 seconds timeout.
[2025-11-03 09:59:39Z INFO GitHubActionsService] Starting operation Location.GetConnectionData
[2025-11-03 09:59:40Z INFO GitHubActionsService] Finished operation Location.GetConnectionData
[2025-11-03 09:59:40Z INFO GitHubActionsService] Finished operation Location.GetConnectionData
[2025-11-03 09:59:40Z INFO GitHubActionsService] Finished operation Location.GetConnectionData
[2025-11-03 09:59:40Z INFO Terminal] WRITE LINE: 
[2025-11-03 09:59:40Z INFO ConfigurationManager] Test Connection complete.
[2025-11-03 09:59:40Z INFO HostContext] Well known directory 'Bin': 'D:\projects\devops-lab-1\actions-runner\actions-runner-win-x64-2.329.0\bin'
[2025-11-03 09:59:40Z INFO HostContext] Well known directory 'Root': 'D:\projects\devops-lab-1\actions-runner\actions-runner-win-x64-2.329.0'
[2025-11-03 09:59:40Z INFO HostContext] Well known config file 'RSACredentials': 'D:\projects\devops-lab-1\actions-runner\actions-runner-win-x64-2.329.0\.credentials_rsaparams'
[2025-11-03 09:59:40Z INFO RSAEncryptedFileKeyManager] Creating new RSA key using 2048-bit key length
[2025-11-03 09:59:40Z INFO RSAEncryptedFileKeyManager] Successfully saved RSA key parameters to file D:\projects\devops-lab-1\actions-runner\actions-runner-win-x64-2.329.0\.credentials_rsaparams
[2025-11-03 09:59:40Z INFO CommandSettings] Arg 'runnergroup': ''
[2025-11-03 09:59:40Z INFO CommandSettings] Flag 'unattended': 'False'
[2025-11-03 09:59:40Z INFO PromptManager] ReadValue
[2025-11-03 09:59:40Z INFO Terminal] WRITE: Enter the name of the runner group to add this runner to: 
[2025-11-03 09:59:40Z INFO Terminal] WRITE: [press Enter for Default] 
[2025-11-03 09:59:40Z INFO Terminal] READ LINE
[2025-11-03 09:59:43Z INFO Terminal] Read value: ''
[2025-11-03 09:59:43Z INFO PromptManager] Falling back to the default: 'Default'
[2025-11-03 09:59:43Z INFO Terminal] WRITE LINE: 
[2025-11-03 09:59:43Z INFO ConfigurationManager] Found a self-hosted runner group with id 1 and name Default
[2025-11-03 09:59:43Z INFO CommandSettings] Flag 'disableupdate': 'False'
[2025-11-03 09:59:43Z INFO CommandSettings] Flag 'ephemeral': 'False'
[2025-11-03 09:59:43Z INFO CommandSettings] Arg 'name': ''
[2025-11-03 09:59:43Z INFO CommandSettings] Flag 'unattended': 'False'
[2025-11-03 09:59:43Z INFO PromptManager] ReadValue
[2025-11-03 09:59:43Z INFO Terminal] WRITE: Enter the name of runner: 
[2025-11-03 09:59:43Z INFO Terminal] WRITE: [press Enter for ROQUE] 
[2025-11-03 09:59:43Z INFO Terminal] READ LINE
[2025-11-03 09:59:56Z INFO Terminal] Read value: 'devops_runner'
[2025-11-03 09:59:56Z INFO Terminal] WRITE LINE: 
[2025-11-03 09:59:56Z INFO CommandSettings] Arg 'labels': ''
[2025-11-03 09:59:56Z INFO CommandSettings] Flag 'unattended': 'False'
[2025-11-03 09:59:56Z INFO PromptManager] ReadValue
[2025-11-03 09:59:56Z INFO Terminal] WRITE: This runner will have the following labels: 'self-hosted', 'Windows', 'X64' 
Enter any additional labels (ex. label-1,label-2): 
[2025-11-03 09:59:56Z INFO Terminal] WRITE: [press Enter to skip] 
[2025-11-03 09:59:56Z INFO Terminal] READ LINE
[2025-11-03 10:00:00Z INFO Terminal] Read value: ''
[2025-11-03 10:00:00Z INFO Terminal] WRITE LINE: 
[2025-11-03 10:00:00Z INFO CommandSettings] Flag 'disableupdate': 'False'
[2025-11-03 10:00:00Z INFO CommandSettings] Flag 'no-default-labels': 'False'
[2025-11-03 10:00:00Z INFO CommandSettings] Flag 'disableupdate': 'False'
[2025-11-03 10:00:00Z INFO CommandSettings] Flag 'ephemeral': 'False'
[2025-11-03 10:00:00Z INFO ConfigurationStore] Saving OAuth credential @ D:\projects\devops-lab-1\actions-runner\actions-runner-win-x64-2.329.0\.credentials
[2025-11-03 10:00:00Z INFO ConfigurationStore] Credentials Saved.
[2025-11-03 10:00:00Z INFO ConfigurationManager] Service enforced serverUrlV2: https://broker.actions.githubusercontent.com/
[2025-11-03 10:00:00Z INFO ConfigurationManager] Service enforced useV2Flow: True
[2025-11-03 10:00:00Z INFO CommandSettings] Arg 'work': ''
[2025-11-03 10:00:00Z INFO CommandSettings] Flag 'unattended': 'False'
[2025-11-03 10:00:00Z INFO PromptManager] ReadValue
[2025-11-03 10:00:00Z INFO Terminal] WRITE: Enter name of work folder: 
[2025-11-03 10:00:00Z INFO Terminal] WRITE: [press Enter for _work] 
[2025-11-03 10:00:00Z INFO Terminal] READ LINE
[2025-11-03 10:00:02Z INFO Terminal] Read value: ''
[2025-11-03 10:00:02Z INFO PromptManager] Falling back to the default: '_work'
[2025-11-03 10:00:02Z INFO ConfigurationStore] Saving runner settings.
[2025-11-03 10:00:02Z INFO ConfigurationStore] Settings Saved.
[2025-11-03 10:00:02Z INFO Terminal] WRITE LINE: 
[2025-11-03 10:00:02Z INFO Terminal] WRITE LINE: 
[2025-11-03 10:00:02Z INFO CommandSettings] Flag 'runasservice': 'False'
[2025-11-03 10:00:02Z INFO CommandSettings] Flag 'unattended': 'False'
[2025-11-03 10:00:02Z INFO PromptManager] ReadValue
[2025-11-03 10:00:02Z INFO Terminal] WRITE: Would you like to run the runner as service? (Y/N) 
[2025-11-03 10:00:02Z INFO Terminal] WRITE: [press Enter for N] 
[2025-11-03 10:00:02Z INFO Terminal] READ LINE
[2025-11-03 10:00:07Z INFO Terminal] Read value: 'Y'
[2025-11-03 10:00:07Z INFO ConfigurationManager] Configuring to run the agent as service
[2025-11-03 10:00:07Z ERR  WindowsServiceControlManager] Needs Administrator privileges for configure runner as windows service.
[2025-11-03 10:00:07Z ERR  Runner] System.Security.SecurityException: Needs Administrator privileges for configuring runner as windows service.
   at GitHub.Runner.Listener.Configuration.WindowsServiceControlManager.ConfigureService(RunnerSettings settings, CommandSettings command)
   at GitHub.Runner.Listener.Configuration.ConfigurationManager.ConfigureAsync(CommandSettings command)
   at GitHub.Runner.Listener.Runner.ExecuteCommand(CommandSettings command)
[2025-11-03 10:00:07Z ERR  Terminal] WRITE ERROR: Needs Administrator privileges for configuring runner as windows service.
[2025-11-03 10:00:07Z INFO Listener] Runner execution has finished with return code 1
