[2025-11-03 10:21:42Z INFO HostContext] No proxy settings were found based on environmental variables (http_proxy/https_proxy/HTTP_PROXY/HTTPS_PROXY)
[2025-11-03 10:21:42Z INFO HostContext] Well known directory 'Bin': 'D:\projects\devops-lab-1\actions-runner\actions-runner-win-x64-2.329.0\bin'
[2025-11-03 10:21:42Z INFO HostContext] Well known directory 'Root': 'D:\projects\devops-lab-1\actions-runner\actions-runner-win-x64-2.329.0'
[2025-11-03 10:21:42Z INFO HostContext] Well known config file 'Credentials': 'D:\projects\devops-lab-1\actions-runner\actions-runner-win-x64-2.329.0\.credentials'
[2025-11-03 10:21:43Z INFO HostContext] Well known directory 'Bin': 'D:\projects\devops-lab-1\actions-runner\actions-runner-win-x64-2.329.0\bin'
[2025-11-03 10:21:43Z INFO HostContext] Well known directory 'Root': 'D:\projects\devops-lab-1\actions-runner\actions-runner-win-x64-2.329.0'
[2025-11-03 10:21:43Z INFO HostContext] Well known config file 'Runner': 'D:\projects\devops-lab-1\actions-runner\actions-runner-win-x64-2.329.0\.runner'
[2025-11-03 10:21:43Z INFO Listener] Runner is built for Windows (X64) - win-x64.
[2025-11-03 10:21:43Z INFO Listener] RuntimeInformation: Microsoft Windows 10.0.19045.
[2025-11-03 10:21:43Z INFO Listener] Version: 2.329.0
[2025-11-03 10:21:43Z INFO Listener] Commit: c76c59996c8fa32e989164a5a695efb12608ae5a
[2025-11-03 10:21:43Z INFO Listener] Culture: es-ES
[2025-11-03 10:21:43Z INFO Listener] UI Culture: es-ES
[2025-11-03 10:21:43Z INFO HostContext] Well known directory 'Bin': 'D:\projects\devops-lab-1\actions-runner\actions-runner-win-x64-2.329.0\bin'
[2025-11-03 10:21:43Z INFO HostContext] Well known directory 'Root': 'D:\projects\devops-lab-1\actions-runner\actions-runner-win-x64-2.329.0'
[2025-11-03 10:21:43Z INFO Listener] Validating directory permissions for: 'D:\projects\devops-lab-1\actions-runner\actions-runner-win-x64-2.329.0'
[2025-11-03 10:21:43Z INFO CommandLineParser] Parse
[2025-11-03 10:21:43Z INFO CommandLineParser] Parsing 1 args
[2025-11-03 10:21:43Z INFO CommandLineParser] parsing argument
[2025-11-03 10:21:43Z INFO CommandLineParser] HasArgs: False
[2025-11-03 10:21:43Z INFO CommandLineParser] Adding Command: run
[2025-11-03 10:21:43Z INFO Listener] Arguments parsed
[2025-11-03 10:21:43Z INFO Runner] ExecuteCommand
[2025-11-03 10:21:43Z INFO ConfigurationStore] currentAssemblyLocation: D:\projects\devops-lab-1\actions-runner\actions-runner-win-x64-2.329.0\bin\Runner.Listener.dll
[2025-11-03 10:21:43Z INFO HostContext] Well known directory 'Bin': 'D:\projects\devops-lab-1\actions-runner\actions-runner-win-x64-2.329.0\bin'
[2025-11-03 10:21:43Z INFO ConfigurationStore] binPath: D:\projects\devops-lab-1\actions-runner\actions-runner-win-x64-2.329.0\bin
[2025-11-03 10:21:43Z INFO HostContext] Well known directory 'Bin': 'D:\projects\devops-lab-1\actions-runner\actions-runner-win-x64-2.329.0\bin'
[2025-11-03 10:21:43Z INFO HostContext] Well known directory 'Root': 'D:\projects\devops-lab-1\actions-runner\actions-runner-win-x64-2.329.0'
[2025-11-03 10:21:43Z INFO ConfigurationStore] RootFolder: D:\projects\devops-lab-1\actions-runner\actions-runner-win-x64-2.329.0
[2025-11-03 10:21:43Z INFO HostContext] Well known directory 'Bin': 'D:\projects\devops-lab-1\actions-runner\actions-runner-win-x64-2.329.0\bin'
[2025-11-03 10:21:43Z INFO HostContext] Well known directory 'Root': 'D:\projects\devops-lab-1\actions-runner\actions-runner-win-x64-2.329.0'
[2025-11-03 10:21:43Z INFO HostContext] Well known config file 'Runner': 'D:\projects\devops-lab-1\actions-runner\actions-runner-win-x64-2.329.0\.runner'
[2025-11-03 10:21:43Z INFO ConfigurationStore] ConfigFilePath: D:\projects\devops-lab-1\actions-runner\actions-runner-win-x64-2.329.0\.runner
[2025-11-03 10:21:43Z INFO HostContext] Well known directory 'Bin': 'D:\projects\devops-lab-1\actions-runner\actions-runner-win-x64-2.329.0\bin'
[2025-11-03 10:21:43Z INFO HostContext] Well known directory 'Root': 'D:\projects\devops-lab-1\actions-runner\actions-runner-win-x64-2.329.0'
[2025-11-03 10:21:43Z INFO HostContext] Well known config file 'MigratedRunner': 'D:\projects\devops-lab-1\actions-runner\actions-runner-win-x64-2.329.0\.runner_migrated'
[2025-11-03 10:21:43Z INFO ConfigurationStore] MigratedConfigFilePath: D:\projects\devops-lab-1\actions-runner\actions-runner-win-x64-2.329.0\.runner_migrated
[2025-11-03 10:21:43Z INFO HostContext] Well known directory 'Bin': 'D:\projects\devops-lab-1\actions-runner\actions-runner-win-x64-2.329.0\bin'
[2025-11-03 10:21:43Z INFO HostContext] Well known directory 'Root': 'D:\projects\devops-lab-1\actions-runner\actions-runner-win-x64-2.329.0'
[2025-11-03 10:21:43Z INFO HostContext] Well known config file 'Credentials': 'D:\projects\devops-lab-1\actions-runner\actions-runner-win-x64-2.329.0\.credentials'
[2025-11-03 10:21:43Z INFO ConfigurationStore] CredFilePath: D:\projects\devops-lab-1\actions-runner\actions-runner-win-x64-2.329.0\.credentials
[2025-11-03 10:21:43Z INFO HostContext] Well known directory 'Bin': 'D:\projects\devops-lab-1\actions-runner\actions-runner-win-x64-2.329.0\bin'
[2025-11-03 10:21:43Z INFO HostContext] Well known directory 'Root': 'D:\projects\devops-lab-1\actions-runner\actions-runner-win-x64-2.329.0'
[2025-11-03 10:21:43Z INFO HostContext] Well known config file 'MigratedCredentials': 'D:\projects\devops-lab-1\actions-runner\actions-runner-win-x64-2.329.0\.credentials_migrated'
[2025-11-03 10:21:43Z INFO ConfigurationStore] MigratedCredFilePath: D:\projects\devops-lab-1\actions-runner\actions-runner-win-x64-2.329.0\.credentials_migrated
[2025-11-03 10:21:43Z INFO HostContext] Well known directory 'Bin': 'D:\projects\devops-lab-1\actions-runner\actions-runner-win-x64-2.329.0\bin'
[2025-11-03 10:21:43Z INFO HostContext] Well known directory 'Root': 'D:\projects\devops-lab-1\actions-runner\actions-runner-win-x64-2.329.0'
[2025-11-03 10:21:43Z INFO HostContext] Well known config file 'Service': 'D:\projects\devops-lab-1\actions-runner\actions-runner-win-x64-2.329.0\.service'
[2025-11-03 10:21:43Z INFO ConfigurationStore] ServiceConfigFilePath: D:\projects\devops-lab-1\actions-runner\actions-runner-win-x64-2.329.0\.service
[2025-11-03 10:21:43Z INFO CommandSettings] Flag 'help': 'False'
[2025-11-03 10:21:43Z INFO CommandSettings] Flag 'version': 'False'
[2025-11-03 10:21:43Z INFO CommandSettings] Flag 'commit': 'False'
[2025-11-03 10:21:43Z INFO CommandSettings] Flag 'check': 'False'
[2025-11-03 10:21:43Z INFO CommandSettings] Command 'configure': 'False'
[2025-11-03 10:21:43Z INFO CommandSettings] Command 'remove': 'False'
[2025-11-03 10:21:43Z INFO CommandSettings] Command 'warmup': 'False'
[2025-11-03 10:21:43Z INFO ConfigurationManager] LoadSettings
[2025-11-03 10:21:43Z INFO ConfigurationStore] IsConfigured()
[2025-11-03 10:21:43Z INFO ConfigurationStore] IsConfigured: True
[2025-11-03 10:21:43Z INFO ConfigurationManager] Is configured: True
[2025-11-03 10:21:43Z INFO ConfigurationStore] Read setting file: 397 chars
[2025-11-03 10:21:43Z INFO ConfigurationManager] Settings Loaded
[2025-11-03 10:21:43Z INFO ConfigurationStore] IsServiceConfigured()
[2025-11-03 10:21:43Z INFO ConfigurationStore] IsServiceConfigured: False
[2025-11-03 10:21:43Z INFO CommandSettings] Command 'run': 'True'
[2025-11-03 10:21:43Z INFO ConfigurationStore] IsConfigured()
[2025-11-03 10:21:43Z INFO ConfigurationStore] IsConfigured: True
[2025-11-03 10:21:43Z INFO ConfigurationManager] Is configured: True
[2025-11-03 10:21:43Z INFO Runner] Could not parse the argument value '' for StartupType. Defaulting to Manual
[2025-11-03 10:21:43Z INFO Runner] Set runner startup type - Manual
[2025-11-03 10:21:43Z INFO CommandSettings] Flag 'once': 'False'
[2025-11-03 10:21:43Z INFO CommandSettings] Flag 'once': 'False'
[2025-11-03 10:21:44Z INFO Runner] RunAsync
[2025-11-03 10:21:44Z INFO ConfigurationManager] LoadMigratedSettings
[2025-11-03 10:21:44Z INFO ConfigurationStore] IsMigratedConfigured()
[2025-11-03 10:21:44Z INFO ConfigurationStore] IsMigratedConfigured: False
[2025-11-03 10:21:44Z INFO Runner] Failed to load migrated settings: No migrated configuration found.
[2025-11-03 10:21:44Z INFO Runner] Falling back to original .runner settings
[2025-11-03 10:21:44Z INFO Runner] Using BrokerMessageListener
[2025-11-03 10:21:44Z INFO BrokerMessageListener] Using provided settings
[2025-11-03 10:21:44Z INFO BrokerMessageListener] {
  "AgentId": 2,
  "AgentName": "devops_runner",
  "PoolId": 1,
  "PoolName": "Default",
  "ServerUrl": "https://pipelinesghubeus9.actions.githubusercontent.com/qxNxAfZFUh03AXvyMiVpFobWRWrwTpoVe9lmwuYUbMWHog8nV9/",
  "GitHubUrl": "https://github.com/roqval22/devops-lab-1",
  "WorkFolder": "_work",
  "UseV2Flow": true,
  "ServerUrlV2": "https://broker.actions.githubusercontent.com/"
}
[2025-11-03 10:21:44Z INFO BrokerMessageListener] Loading Credentials
[2025-11-03 10:21:44Z INFO ConfigurationStore] HasCredentials()
[2025-11-03 10:21:44Z INFO ConfigurationStore] stored True
[2025-11-03 10:21:44Z INFO CredentialManager] GetCredentialProvider
[2025-11-03 10:21:44Z INFO CredentialManager] Creating type OAuth
[2025-11-03 10:21:44Z INFO CredentialManager] Creating credential type: OAuth
[2025-11-03 10:21:44Z INFO HostContext] Well known directory 'Bin': 'D:\projects\devops-lab-1\actions-runner\actions-runner-win-x64-2.329.0\bin'
[2025-11-03 10:21:44Z INFO HostContext] Well known directory 'Root': 'D:\projects\devops-lab-1\actions-runner\actions-runner-win-x64-2.329.0'
[2025-11-03 10:21:44Z INFO HostContext] Well known config file 'RSACredentials': 'D:\projects\devops-lab-1\actions-runner\actions-runner-win-x64-2.329.0\.credentials_rsaparams'
[2025-11-03 10:21:44Z INFO RSAEncryptedFileKeyManager] Loading RSA key parameters from file D:\projects\devops-lab-1\actions-runner\actions-runner-win-x64-2.329.0\.credentials_rsaparams
[2025-11-03 10:21:44Z INFO BrokerMessageListener] Attempt to create session.
[2025-11-03 10:21:44Z INFO BrokerMessageListener] Connecting to the Broker Server...
[2025-11-03 10:21:44Z INFO ConfigurationStore] HasCredentials()
[2025-11-03 10:21:44Z INFO ConfigurationStore] stored True
[2025-11-03 10:21:44Z INFO CredentialManager] GetCredentialProvider
[2025-11-03 10:21:44Z INFO CredentialManager] Creating type OAuth
[2025-11-03 10:21:44Z INFO CredentialManager] Creating credential type: OAuth
[2025-11-03 10:21:44Z INFO RSAEncryptedFileKeyManager] Loading RSA key parameters from file D:\projects\devops-lab-1\actions-runner\actions-runner-win-x64-2.329.0\.credentials_rsaparams
[2025-11-03 10:21:44Z INFO BrokerMessageListener] VssConnection created
[2025-11-03 10:21:44Z INFO BrokerMessageListener] Connecting to the Runner server...
[2025-11-03 10:21:44Z INFO RunnerServer] EstablishVssConnection
[2025-11-03 10:21:44Z INFO RunnerServer] Establish connection with 100 seconds timeout.
[2025-11-03 10:21:44Z INFO GitHubActionsService] Starting operation Location.GetConnectionData
[2025-11-03 10:21:44Z INFO RunnerServer] EstablishVssConnection
[2025-11-03 10:21:44Z INFO RunnerServer] Establish connection with 60 seconds timeout.
[2025-11-03 10:21:44Z INFO GitHubActionsService] Starting operation Location.GetConnectionData
[2025-11-03 10:21:44Z INFO RunnerServer] EstablishVssConnection
[2025-11-03 10:21:44Z INFO RunnerServer] Establish connection with 60 seconds timeout.
[2025-11-03 10:21:44Z INFO GitHubActionsService] Starting operation Location.GetConnectionData
[2025-11-03 10:21:46Z INFO GitHubActionsService] Finished operation Location.GetConnectionData
[2025-11-03 10:21:46Z INFO GitHubActionsService] Finished operation Location.GetConnectionData
[2025-11-03 10:21:46Z INFO GitHubActionsService] Finished operation Location.GetConnectionData
[2025-11-03 10:21:46Z INFO BrokerMessageListener] VssConnection created
[2025-11-03 10:21:46Z INFO Terminal] WRITE LINE: 
[2025-11-03 10:21:46Z INFO Terminal] WRITE LINE: 
[2025-11-03 10:21:46Z INFO RSAEncryptedFileKeyManager] Loading RSA key parameters from file D:\projects\devops-lab-1\actions-runner\actions-runner-win-x64-2.329.0\.credentials_rsaparams
[2025-11-03 10:21:46Z INFO RSAEncryptedFileKeyManager] Loading RSA key parameters from file D:\projects\devops-lab-1\actions-runner\actions-runner-win-x64-2.329.0\.credentials_rsaparams
[2025-11-03 10:21:47Z INFO GitHubActionsService] AAD Correlation ID for this token request: Unknown
[2025-11-03 10:21:47Z INFO BrokerMessageListener] Session created.
[2025-11-03 10:21:47Z INFO Terminal] WRITE LINE: Current runner version: '2.329.0'
[2025-11-03 10:21:47Z INFO Terminal] WRITE LINE: 2025-11-03 10:21:47Z: Listening for Jobs
[2025-11-03 10:21:47Z INFO JobDispatcher] Set runner/worker IPC timeout to 30 seconds.
[2025-11-03 11:43:01Z WARN GitHubActionsService] GET request to https://broker.actions.githubusercontent.com/message?sessionId=7e6b9b8f-6b97-4ecb-b372-8f40f6be6d43&status=Online&runnerVersion=2.329.0&os=Windows&architecture=X64&disableUpdate=false timed out after 100 seconds.
[2025-11-03 11:43:01Z ERR  BrokerServer] Catch exception during request
[2025-11-03 11:43:01Z ERR  BrokerServer] System.TimeoutException: The HTTP request timed out after 00:01:40.
 ---> System.Threading.Tasks.TaskCanceledException: The operation was canceled.
 ---> System.IO.IOException: Unable to read data from the transport connection: La operaci贸n de E/S se anul贸 por una salida de subproceso o por una solicitud de aplicaci贸n..
 ---> System.Net.Sockets.SocketException (995): La operaci贸n de E/S se anul贸 por una salida de subproceso o por una solicitud de aplicaci贸n.
   --- End of inner exception stack trace ---
   at System.Net.Sockets.Socket.AwaitableSocketAsyncEventArgs.ThrowException(SocketError error, CancellationToken cancellationToken)
   at System.Net.Sockets.Socket.AwaitableSocketAsyncEventArgs.System.Threading.Tasks.Sources.IValueTaskSource<System.Int32>.GetResult(Int16 token)
   at System.Net.Security.SslStream.EnsureFullTlsFrameAsync[TIOAdapter](CancellationToken cancellationToken, Int32 estimatedSize)
   at System.Runtime.CompilerServices.PoolingAsyncValueTaskMethodBuilder`1.StateMachineBox`1.System.Threading.Tasks.Sources.IValueTaskSource<TResult>.GetResult(Int16 token)
   at System.Net.Security.SslStream.ReadAsyncInternal[TIOAdapter](Memory`1 buffer, CancellationToken cancellationToken)
   at System.Runtime.CompilerServices.PoolingAsyncValueTaskMethodBuilder`1.StateMachineBox`1.System.Threading.Tasks.Sources.IValueTaskSource<TResult>.GetResult(Int16 token)
   at System.Net.Http.HttpConnection.SendAsync(HttpRequestMessage request, Boolean async, CancellationToken cancellationToken)
   --- End of inner exception stack trace ---
   at System.Net.Http.HttpConnection.SendAsync(HttpRequestMessage request, Boolean async, CancellationToken cancellationToken)
   at System.Net.Http.AuthenticationHelper.SendWithNtAuthAsync(HttpRequestMessage request, Uri authUri, Boolean async, ICredentials credentials, Boolean isProxyAuth, HttpConnection connection, HttpConnectionPool connectionPool, CancellationToken cancellationToken)
   at System.Net.Http.HttpConnectionPool.SendWithVersionDetectionAndRetryAsync(HttpRequestMessage request, Boolean async, Boolean doRequestAuth, CancellationToken cancellationToken)
   at System.Net.Http.AuthenticationHelper.SendWithAuthAsync(HttpRequestMessage request, Uri authUri, Boolean async, ICredentials credentials, Boolean preAuthenticate, Boolean isProxyAuth, Boolean doRequestAuth, HttpConnectionPool pool, CancellationToken cancellationToken)
   at System.Net.Http.RedirectHandler.SendAsync(HttpRequestMessage request, Boolean async, CancellationToken cancellationToken)
   at GitHub.Services.Common.RawHttpMessageHandler.SendAsync(HttpRequestMessage request, CancellationToken cancellationToken)
   --- End of inner exception stack trace ---
   at GitHub.Services.Common.RawHttpMessageHandler.SendAsync(HttpRequestMessage request, CancellationToken cancellationToken)
   at GitHub.Services.Common.VssHttpRetryMessageHandler.SendAsync(HttpRequestMessage request, CancellationToken cancellationToken)
   at System.Net.Http.HttpClient.<SendAsync>g__Core|83_0(HttpRequestMessage request, HttpCompletionOption completionOption, CancellationTokenSource cts, Boolean disposeCts, CancellationTokenSource pendingRequestsCts, CancellationToken originalCancellationToken)
   at Sdk.WebApi.WebApi.RawHttpClientBase.SendAsync(HttpRequestMessage message, HttpCompletionOption completionOption, Object userState, CancellationToken cancellationToken)
   at Sdk.WebApi.WebApi.RawHttpClientBase.SendAsync[T](HttpRequestMessage message, Boolean readErrorBody, Object userState, CancellationToken cancellationToken)
   at Sdk.WebApi.WebApi.RawHttpClientBase.SendAsync[T](HttpMethod method, IEnumerable`1 additionalHeaders, Uri requestUri, HttpContent content, IEnumerable`1 queryParameters, Boolean readErrorBody, Object userState, CancellationToken cancellationToken)
   at GitHub.Actions.RunService.WebApi.BrokerHttpClient.GetRunnerMessageAsync(Nullable`1 sessionId, String runnerVersion, Nullable`1 status, String os, String architecture, Nullable`1 disableUpdate, CancellationToken cancellationToken)
   at GitHub.Runner.Common.BrokerServer.<>c__DisplayClass7_0.<<GetRunnerMessageAsync>b__0>d.MoveNext()
--- End of stack trace from previous location ---
   at GitHub.Runner.Common.RunnerService.RetryRequest[T](Func`1 func, CancellationToken cancellationToken, Int32 maxAttempts, Func`2 shouldRetry)
[2025-11-03 11:43:01Z ERR  BrokerServer] #####################################################
[2025-11-03 11:43:01Z ERR  BrokerServer] System.Threading.Tasks.TaskCanceledException: The operation was canceled.
 ---> System.IO.IOException: Unable to read data from the transport connection: La operaci贸n de E/S se anul贸 por una salida de subproceso o por una solicitud de aplicaci贸n..
 ---> System.Net.Sockets.SocketException (995): La operaci贸n de E/S se anul贸 por una salida de subproceso o por una solicitud de aplicaci贸n.
   --- End of inner exception stack trace ---
   at System.Net.Sockets.Socket.AwaitableSocketAsyncEventArgs.ThrowException(SocketError error, CancellationToken cancellationToken)
   at System.Net.Sockets.Socket.AwaitableSocketAsyncEventArgs.System.Threading.Tasks.Sources.IValueTaskSource<System.Int32>.GetResult(Int16 token)
   at System.Net.Security.SslStream.EnsureFullTlsFrameAsync[TIOAdapter](CancellationToken cancellationToken, Int32 estimatedSize)
   at System.Runtime.CompilerServices.PoolingAsyncValueTaskMethodBuilder`1.StateMachineBox`1.System.Threading.Tasks.Sources.IValueTaskSource<TResult>.GetResult(Int16 token)
   at System.Net.Security.SslStream.ReadAsyncInternal[TIOAdapter](Memory`1 buffer, CancellationToken cancellationToken)
   at System.Runtime.CompilerServices.PoolingAsyncValueTaskMethodBuilder`1.StateMachineBox`1.System.Threading.Tasks.Sources.IValueTaskSource<TResult>.GetResult(Int16 token)
   at System.Net.Http.HttpConnection.SendAsync(HttpRequestMessage request, Boolean async, CancellationToken cancellationToken)
   --- End of inner exception stack trace ---
   at System.Net.Http.HttpConnection.SendAsync(HttpRequestMessage request, Boolean async, CancellationToken cancellationToken)
   at System.Net.Http.AuthenticationHelper.SendWithNtAuthAsync(HttpRequestMessage request, Uri authUri, Boolean async, ICredentials credentials, Boolean isProxyAuth, HttpConnection connection, HttpConnectionPool connectionPool, CancellationToken cancellationToken)
   at System.Net.Http.HttpConnectionPool.SendWithVersionDetectionAndRetryAsync(HttpRequestMessage request, Boolean async, Boolean doRequestAuth, CancellationToken cancellationToken)
   at System.Net.Http.AuthenticationHelper.SendWithAuthAsync(HttpRequestMessage request, Uri authUri, Boolean async, ICredentials credentials, Boolean preAuthenticate, Boolean isProxyAuth, Boolean doRequestAuth, HttpConnectionPool pool, CancellationToken cancellationToken)
   at System.Net.Http.RedirectHandler.SendAsync(HttpRequestMessage request, Boolean async, CancellationToken cancellationToken)
   at GitHub.Services.Common.RawHttpMessageHandler.SendAsync(HttpRequestMessage request, CancellationToken cancellationToken)
[2025-11-03 11:43:01Z ERR  BrokerServer] #####################################################
[2025-11-03 11:43:01Z ERR  BrokerServer] System.IO.IOException: Unable to read data from the transport connection: La operaci贸n de E/S se anul贸 por una salida de subproceso o por una solicitud de aplicaci贸n..
 ---> System.Net.Sockets.SocketException (995): La operaci贸n de E/S se anul贸 por una salida de subproceso o por una solicitud de aplicaci贸n.
   --- End of inner exception stack trace ---
   at System.Net.Sockets.Socket.AwaitableSocketAsyncEventArgs.ThrowException(SocketError error, CancellationToken cancellationToken)
   at System.Net.Sockets.Socket.AwaitableSocketAsyncEventArgs.System.Threading.Tasks.Sources.IValueTaskSource<System.Int32>.GetResult(Int16 token)
   at System.Net.Security.SslStream.EnsureFullTlsFrameAsync[TIOAdapter](CancellationToken cancellationToken, Int32 estimatedSize)
   at System.Runtime.CompilerServices.PoolingAsyncValueTaskMethodBuilder`1.StateMachineBox`1.System.Threading.Tasks.Sources.IValueTaskSource<TResult>.GetResult(Int16 token)
   at System.Net.Security.SslStream.ReadAsyncInternal[TIOAdapter](Memory`1 buffer, CancellationToken cancellationToken)
   at System.Runtime.CompilerServices.PoolingAsyncValueTaskMethodBuilder`1.StateMachineBox`1.System.Threading.Tasks.Sources.IValueTaskSource<TResult>.GetResult(Int16 token)
   at System.Net.Http.HttpConnection.SendAsync(HttpRequestMessage request, Boolean async, CancellationToken cancellationToken)
[2025-11-03 11:43:01Z ERR  BrokerServer] #####################################################
[2025-11-03 11:43:01Z ERR  BrokerServer] System.Net.Sockets.SocketException (995): La operaci贸n de E/S se anul贸 por una salida de subproceso o por una solicitud de aplicaci贸n.
[2025-11-03 11:43:01Z WARN BrokerServer] Back off 14,922 seconds before next retry. 4 attempt left.
[2025-11-03 11:43:17Z INFO RSAEncryptedFileKeyManager] Loading RSA key parameters from file D:\projects\devops-lab-1\actions-runner\actions-runner-win-x64-2.329.0\.credentials_rsaparams
[2025-11-03 11:43:17Z INFO GitHubActionsService] AAD Correlation ID for this token request: Unknown
[2025-11-03 12:33:50Z WARN GitHubActionsService] GET request to https://broker.actions.githubusercontent.com/message?sessionId=7e6b9b8f-6b97-4ecb-b372-8f40f6be6d43&status=Online&runnerVersion=2.329.0&os=Windows&architecture=X64&disableUpdate=false timed out after 100 seconds.
[2025-11-03 12:33:50Z ERR  BrokerServer] Catch exception during request
[2025-11-03 12:33:50Z ERR  BrokerServer] System.TimeoutException: The HTTP request timed out after 00:01:40.
 ---> System.Threading.Tasks.TaskCanceledException: The operation was canceled.
 ---> System.IO.IOException: Unable to read data from the transport connection: La operaci贸n de E/S se anul贸 por una salida de subproceso o por una solicitud de aplicaci贸n..
 ---> System.Net.Sockets.SocketException (995): La operaci贸n de E/S se anul贸 por una salida de subproceso o por una solicitud de aplicaci贸n.
   --- End of inner exception stack trace ---
   at System.Net.Sockets.Socket.AwaitableSocketAsyncEventArgs.ThrowException(SocketError error, CancellationToken cancellationToken)
   at System.Net.Sockets.Socket.AwaitableSocketAsyncEventArgs.System.Threading.Tasks.Sources.IValueTaskSource<System.Int32>.GetResult(Int16 token)
   at System.Net.Security.SslStream.EnsureFullTlsFrameAsync[TIOAdapter](CancellationToken cancellationToken, Int32 estimatedSize)
   at System.Runtime.CompilerServices.PoolingAsyncValueTaskMethodBuilder`1.StateMachineBox`1.System.Threading.Tasks.Sources.IValueTaskSource<TResult>.GetResult(Int16 token)
   at System.Net.Security.SslStream.ReadAsyncInternal[TIOAdapter](Memory`1 buffer, CancellationToken cancellationToken)
   at System.Runtime.CompilerServices.PoolingAsyncValueTaskMethodBuilder`1.StateMachineBox`1.System.Threading.Tasks.Sources.IValueTaskSource<TResult>.GetResult(Int16 token)
   at System.Net.Http.HttpConnection.SendAsync(HttpRequestMessage request, Boolean async, CancellationToken cancellationToken)
   --- End of inner exception stack trace ---
   at System.Net.Http.HttpConnection.SendAsync(HttpRequestMessage request, Boolean async, CancellationToken cancellationToken)
   at System.Net.Http.AuthenticationHelper.SendWithNtAuthAsync(HttpRequestMessage request, Uri authUri, Boolean async, ICredentials credentials, Boolean isProxyAuth, HttpConnection connection, HttpConnectionPool connectionPool, CancellationToken cancellationToken)
   at System.Net.Http.HttpConnectionPool.SendWithVersionDetectionAndRetryAsync(HttpRequestMessage request, Boolean async, Boolean doRequestAuth, CancellationToken cancellationToken)
   at System.Net.Http.AuthenticationHelper.SendWithAuthAsync(HttpRequestMessage request, Uri authUri, Boolean async, ICredentials credentials, Boolean preAuthenticate, Boolean isProxyAuth, Boolean doRequestAuth, HttpConnectionPool pool, CancellationToken cancellationToken)
   at System.Net.Http.RedirectHandler.SendAsync(HttpRequestMessage request, Boolean async, CancellationToken cancellationToken)
   at GitHub.Services.Common.RawHttpMessageHandler.SendAsync(HttpRequestMessage request, CancellationToken cancellationToken)
   --- End of inner exception stack trace ---
   at GitHub.Services.Common.RawHttpMessageHandler.SendAsync(HttpRequestMessage request, CancellationToken cancellationToken)
   at GitHub.Services.Common.VssHttpRetryMessageHandler.SendAsync(HttpRequestMessage request, CancellationToken cancellationToken)
   at System.Net.Http.HttpClient.<SendAsync>g__Core|83_0(HttpRequestMessage request, HttpCompletionOption completionOption, CancellationTokenSource cts, Boolean disposeCts, CancellationTokenSource pendingRequestsCts, CancellationToken originalCancellationToken)
   at Sdk.WebApi.WebApi.RawHttpClientBase.SendAsync(HttpRequestMessage message, HttpCompletionOption completionOption, Object userState, CancellationToken cancellationToken)
   at Sdk.WebApi.WebApi.RawHttpClientBase.SendAsync[T](HttpRequestMessage message, Boolean readErrorBody, Object userState, CancellationToken cancellationToken)
   at Sdk.WebApi.WebApi.RawHttpClientBase.SendAsync[T](HttpMethod method, IEnumerable`1 additionalHeaders, Uri requestUri, HttpContent content, IEnumerable`1 queryParameters, Boolean readErrorBody, Object userState, CancellationToken cancellationToken)
   at GitHub.Actions.RunService.WebApi.BrokerHttpClient.GetRunnerMessageAsync(Nullable`1 sessionId, String runnerVersion, Nullable`1 status, String os, String architecture, Nullable`1 disableUpdate, CancellationToken cancellationToken)
   at GitHub.Runner.Common.BrokerServer.<>c__DisplayClass7_0.<<GetRunnerMessageAsync>b__0>d.MoveNext()
--- End of stack trace from previous location ---
   at GitHub.Runner.Common.RunnerService.RetryRequest[T](Func`1 func, CancellationToken cancellationToken, Int32 maxAttempts, Func`2 shouldRetry)
[2025-11-03 12:33:50Z ERR  BrokerServer] #####################################################
[2025-11-03 12:33:50Z ERR  BrokerServer] System.Threading.Tasks.TaskCanceledException: The operation was canceled.
 ---> System.IO.IOException: Unable to read data from the transport connection: La operaci贸n de E/S se anul贸 por una salida de subproceso o por una solicitud de aplicaci贸n..
 ---> System.Net.Sockets.SocketException (995): La operaci贸n de E/S se anul贸 por una salida de subproceso o por una solicitud de aplicaci贸n.
   --- End of inner exception stack trace ---
   at System.Net.Sockets.Socket.AwaitableSocketAsyncEventArgs.ThrowException(SocketError error, CancellationToken cancellationToken)
   at System.Net.Sockets.Socket.AwaitableSocketAsyncEventArgs.System.Threading.Tasks.Sources.IValueTaskSource<System.Int32>.GetResult(Int16 token)
   at System.Net.Security.SslStream.EnsureFullTlsFrameAsync[TIOAdapter](CancellationToken cancellationToken, Int32 estimatedSize)
   at System.Runtime.CompilerServices.PoolingAsyncValueTaskMethodBuilder`1.StateMachineBox`1.System.Threading.Tasks.Sources.IValueTaskSource<TResult>.GetResult(Int16 token)
   at System.Net.Security.SslStream.ReadAsyncInternal[TIOAdapter](Memory`1 buffer, CancellationToken cancellationToken)
   at System.Runtime.CompilerServices.PoolingAsyncValueTaskMethodBuilder`1.StateMachineBox`1.System.Threading.Tasks.Sources.IValueTaskSource<TResult>.GetResult(Int16 token)
   at System.Net.Http.HttpConnection.SendAsync(HttpRequestMessage request, Boolean async, CancellationToken cancellationToken)
   --- End of inner exception stack trace ---
   at System.Net.Http.HttpConnection.SendAsync(HttpRequestMessage request, Boolean async, CancellationToken cancellationToken)
   at System.Net.Http.AuthenticationHelper.SendWithNtAuthAsync(HttpRequestMessage request, Uri authUri, Boolean async, ICredentials credentials, Boolean isProxyAuth, HttpConnection connection, HttpConnectionPool connectionPool, CancellationToken cancellationToken)
   at System.Net.Http.HttpConnectionPool.SendWithVersionDetectionAndRetryAsync(HttpRequestMessage request, Boolean async, Boolean doRequestAuth, CancellationToken cancellationToken)
   at System.Net.Http.AuthenticationHelper.SendWithAuthAsync(HttpRequestMessage request, Uri authUri, Boolean async, ICredentials credentials, Boolean preAuthenticate, Boolean isProxyAuth, Boolean doRequestAuth, HttpConnectionPool pool, CancellationToken cancellationToken)
   at System.Net.Http.RedirectHandler.SendAsync(HttpRequestMessage request, Boolean async, CancellationToken cancellationToken)
   at GitHub.Services.Common.RawHttpMessageHandler.SendAsync(HttpRequestMessage request, CancellationToken cancellationToken)
[2025-11-03 12:33:50Z ERR  BrokerServer] #####################################################
[2025-11-03 12:33:50Z ERR  BrokerServer] System.IO.IOException: Unable to read data from the transport connection: La operaci贸n de E/S se anul贸 por una salida de subproceso o por una solicitud de aplicaci贸n..
 ---> System.Net.Sockets.SocketException (995): La operaci贸n de E/S se anul贸 por una salida de subproceso o por una solicitud de aplicaci贸n.
   --- End of inner exception stack trace ---
   at System.Net.Sockets.Socket.AwaitableSocketAsyncEventArgs.ThrowException(SocketError error, CancellationToken cancellationToken)
   at System.Net.Sockets.Socket.AwaitableSocketAsyncEventArgs.System.Threading.Tasks.Sources.IValueTaskSource<System.Int32>.GetResult(Int16 token)
   at System.Net.Security.SslStream.EnsureFullTlsFrameAsync[TIOAdapter](CancellationToken cancellationToken, Int32 estimatedSize)
   at System.Runtime.CompilerServices.PoolingAsyncValueTaskMethodBuilder`1.StateMachineBox`1.System.Threading.Tasks.Sources.IValueTaskSource<TResult>.GetResult(Int16 token)
   at System.Net.Security.SslStream.ReadAsyncInternal[TIOAdapter](Memory`1 buffer, CancellationToken cancellationToken)
   at System.Runtime.CompilerServices.PoolingAsyncValueTaskMethodBuilder`1.StateMachineBox`1.System.Threading.Tasks.Sources.IValueTaskSource<TResult>.GetResult(Int16 token)
   at System.Net.Http.HttpConnection.SendAsync(HttpRequestMessage request, Boolean async, CancellationToken cancellationToken)
[2025-11-03 12:33:50Z ERR  BrokerServer] #####################################################
[2025-11-03 12:33:50Z ERR  BrokerServer] System.Net.Sockets.SocketException (995): La operaci贸n de E/S se anul贸 por una salida de subproceso o por una solicitud de aplicaci贸n.
[2025-11-03 12:33:50Z WARN BrokerServer] Back off 12,325 seconds before next retry. 4 attempt left.
[2025-11-03 12:34:03Z INFO RSAEncryptedFileKeyManager] Loading RSA key parameters from file D:\projects\devops-lab-1\actions-runner\actions-runner-win-x64-2.329.0\.credentials_rsaparams
[2025-11-03 12:34:03Z INFO GitHubActionsService] AAD Correlation ID for this token request: Unknown
[2025-11-03 12:41:21Z INFO ConfigurationStore] HasCredentials()
[2025-11-03 12:41:21Z INFO ConfigurationStore] stored True
[2025-11-03 12:41:21Z INFO CredentialManager] GetCredentialProvider
[2025-11-03 12:41:21Z INFO CredentialManager] Creating type OAuth
[2025-11-03 12:41:21Z INFO CredentialManager] Creating credential type: OAuth
[2025-11-03 12:41:21Z INFO RSAEncryptedFileKeyManager] Loading RSA key parameters from file D:\projects\devops-lab-1\actions-runner\actions-runner-win-x64-2.329.0\.credentials_rsaparams
[2025-11-03 12:41:21Z INFO RSAEncryptedFileKeyManager] Loading RSA key parameters from file D:\projects\devops-lab-1\actions-runner\actions-runner-win-x64-2.329.0\.credentials_rsaparams
[2025-11-03 12:41:21Z INFO RSAEncryptedFileKeyManager] Loading RSA key parameters from file D:\projects\devops-lab-1\actions-runner\actions-runner-win-x64-2.329.0\.credentials_rsaparams
[2025-11-03 12:41:22Z INFO GitHubActionsService] AAD Correlation ID for this token request: Unknown
[2025-11-03 12:41:23Z INFO JobDispatcher] Job request 0 for plan 50bf80f4-93c8-4496-8e37-f2292f712a13 job 7a848527-9abf-5547-880a-ed75ccc35f5a received.
[2025-11-03 12:41:23Z INFO JobDispatcher] Pull OrchestrationId 50bf80f4-93c8-4496-8e37-f2292f712a13.sonar.__default from JWT claims
[2025-11-03 12:41:23Z INFO BrokerMessageListener] Received job status event. JobState: Busy
[2025-11-03 12:41:23Z INFO BrokerMessageListener] _getMessagesTokenSource is already disposed.
[2025-11-03 12:41:23Z INFO Terminal] WRITE LINE: 2025-11-03 12:41:23Z: Running job: SonarQube Analysis with Coverage 
[2025-11-03 12:41:23Z INFO JobDispatcher] Start renew job request 0 for job 7a848527-9abf-5547-880a-ed75ccc35f5a.
[2025-11-03 12:41:24Z INFO JobDispatcher] Successfully renew job 7a848527-9abf-5547-880a-ed75ccc35f5a, job is valid till 03/11/2025 12:51:25
[2025-11-03 12:41:24Z INFO HostContext] Well known directory 'Bin': 'D:\projects\devops-lab-1\actions-runner\actions-runner-win-x64-2.329.0\bin'
[2025-11-03 12:41:24Z INFO ProcessInvokerWrapper] Starting process:
[2025-11-03 12:41:24Z INFO ProcessInvokerWrapper]   File name: 'D:\projects\devops-lab-1\actions-runner\actions-runner-win-x64-2.329.0\bin\Runner.Worker.exe'
[2025-11-03 12:41:24Z INFO ProcessInvokerWrapper]   Arguments: 'spawnclient 2232 2880'
[2025-11-03 12:41:24Z INFO ProcessInvokerWrapper]   Working directory: 'D:\projects\devops-lab-1\actions-runner\actions-runner-win-x64-2.329.0\bin'
[2025-11-03 12:41:24Z INFO ProcessInvokerWrapper]   Require exit code zero: 'False'
[2025-11-03 12:41:24Z INFO ProcessInvokerWrapper]   Encoding web name:  ; code page: ''
[2025-11-03 12:41:24Z INFO ProcessInvokerWrapper]   Force kill process on cancellation: 'True'
[2025-11-03 12:41:24Z INFO ProcessInvokerWrapper]   Redirected STDIN: 'False'
[2025-11-03 12:41:24Z INFO ProcessInvokerWrapper]   Persist current code page: 'False'
[2025-11-03 12:41:24Z INFO ProcessInvokerWrapper]   Keep redirected STDIN open: 'False'
[2025-11-03 12:41:24Z INFO ProcessInvokerWrapper]   High priority process: 'True'
[2025-11-03 12:41:24Z INFO ProcessInvokerWrapper] Process started with process id 2844, waiting for process exit.
[2025-11-03 12:41:24Z INFO JobDispatcher] Send job request message to worker for job 7a848527-9abf-5547-880a-ed75ccc35f5a.
[2025-11-03 12:41:24Z INFO ProcessChannel] Sending message of length 21443, with hash 'f820d41ed726aaac41260b30eacc1a2b8762c1088c19ea4ccd29adae41bf6184'
[2025-11-03 12:41:26Z INFO JobNotification] Entering JobStarted Notification
[2025-11-03 12:41:26Z INFO JobNotification] Entering StartMonitor
[2025-11-03 12:41:46Z INFO ProcessInvokerWrapper] STDOUT/STDERR stream read finished.
[2025-11-03 12:41:46Z INFO ProcessInvokerWrapper] STDOUT/STDERR stream read finished.
[2025-11-03 12:41:46Z INFO ProcessInvokerWrapper] Finished process 2844 with exit code 102, and elapsed time 00:00:22.1197959.
[2025-11-03 12:41:46Z INFO JobDispatcher] Worker finished for job 7a848527-9abf-5547-880a-ed75ccc35f5a. Code: 102
[2025-11-03 12:41:46Z INFO JobDispatcher] finish job request for job 7a848527-9abf-5547-880a-ed75ccc35f5a with result: Failed
[2025-11-03 12:41:46Z INFO Terminal] WRITE LINE: 2025-11-03 12:41:46Z: Job SonarQube Analysis with Coverage  completed with result: Failed
[2025-11-03 12:41:46Z INFO JobDispatcher] Stop renew job request for job 7a848527-9abf-5547-880a-ed75ccc35f5a.
[2025-11-03 12:41:46Z INFO JobDispatcher] job renew has been cancelled, stop renew job 7a848527-9abf-5547-880a-ed75ccc35f5a.
[2025-11-03 12:41:46Z INFO JobNotification] Entering JobCompleted Notification
[2025-11-03 12:41:46Z INFO JobNotification] Entering EndMonitor
[2025-11-03 12:41:46Z INFO BrokerMessageListener] Received job status event. JobState: Online
[2025-11-03 12:41:46Z WARN GitHubActionsService] GET request to https://broker.actions.githubusercontent.com/message?sessionId=7e6b9b8f-6b97-4ecb-b372-8f40f6be6d43&status=Busy&runnerVersion=2.329.0&os=Windows&architecture=X64&disableUpdate=false has been cancelled.
[2025-11-03 12:41:46Z ERR  BrokerServer] Catch exception during request
[2025-11-03 12:41:46Z ERR  BrokerServer] System.Threading.Tasks.TaskCanceledException: The operation was canceled.
 ---> System.Threading.Tasks.TaskCanceledException: The operation was canceled.
 ---> System.IO.IOException: Unable to read data from the transport connection: La operaci贸n de E/S se anul贸 por una salida de subproceso o por una solicitud de aplicaci贸n..
 ---> System.Net.Sockets.SocketException (995): La operaci贸n de E/S se anul贸 por una salida de subproceso o por una solicitud de aplicaci贸n.
   --- End of inner exception stack trace ---
   at System.Net.Sockets.Socket.AwaitableSocketAsyncEventArgs.ThrowException(SocketError error, CancellationToken cancellationToken)
   at System.Net.Sockets.Socket.AwaitableSocketAsyncEventArgs.System.Threading.Tasks.Sources.IValueTaskSource<System.Int32>.GetResult(Int16 token)
   at System.Net.Security.SslStream.EnsureFullTlsFrameAsync[TIOAdapter](CancellationToken cancellationToken, Int32 estimatedSize)
   at System.Runtime.CompilerServices.PoolingAsyncValueTaskMethodBuilder`1.StateMachineBox`1.System.Threading.Tasks.Sources.IValueTaskSource<TResult>.GetResult(Int16 token)
   at System.Net.Security.SslStream.ReadAsyncInternal[TIOAdapter](Memory`1 buffer, CancellationToken cancellationToken)
   at System.Runtime.CompilerServices.PoolingAsyncValueTaskMethodBuilder`1.StateMachineBox`1.System.Threading.Tasks.Sources.IValueTaskSource<TResult>.GetResult(Int16 token)
   at System.Net.Http.HttpConnection.SendAsync(HttpRequestMessage request, Boolean async, CancellationToken cancellationToken)
   --- End of inner exception stack trace ---
   at System.Net.Http.HttpConnection.SendAsync(HttpRequestMessage request, Boolean async, CancellationToken cancellationToken)
   at System.Net.Http.AuthenticationHelper.SendWithNtAuthAsync(HttpRequestMessage request, Uri authUri, Boolean async, ICredentials credentials, Boolean isProxyAuth, HttpConnection connection, HttpConnectionPool connectionPool, CancellationToken cancellationToken)
   at System.Net.Http.HttpConnectionPool.SendWithVersionDetectionAndRetryAsync(HttpRequestMessage request, Boolean async, Boolean doRequestAuth, CancellationToken cancellationToken)
   at System.Net.Http.AuthenticationHelper.SendWithAuthAsync(HttpRequestMessage request, Uri authUri, Boolean async, ICredentials credentials, Boolean preAuthenticate, Boolean isProxyAuth, Boolean doRequestAuth, HttpConnectionPool pool, CancellationToken cancellationToken)
   at System.Net.Http.RedirectHandler.SendAsync(HttpRequestMessage request, Boolean async, CancellationToken cancellationToken)
   at GitHub.Services.Common.RawHttpMessageHandler.SendAsync(HttpRequestMessage request, CancellationToken cancellationToken)
   at GitHub.Services.Common.VssHttpRetryMessageHandler.SendAsync(HttpRequestMessage request, CancellationToken cancellationToken)
   at System.Net.Http.HttpClient.<SendAsync>g__Core|83_0(HttpRequestMessage request, HttpCompletionOption completionOption, CancellationTokenSource cts, Boolean disposeCts, CancellationTokenSource pendingRequestsCts, CancellationToken originalCancellationToken)
   --- End of inner exception stack trace ---
   at System.Net.Http.HttpClient.HandleFailure(Exception e, Boolean telemetryStarted, HttpResponseMessage response, CancellationTokenSource cts, CancellationToken cancellationToken, CancellationTokenSource pendingRequestsCts)
   at System.Net.Http.HttpClient.<SendAsync>g__Core|83_0(HttpRequestMessage request, HttpCompletionOption completionOption, CancellationTokenSource cts, Boolean disposeCts, CancellationTokenSource pendingRequestsCts, CancellationToken originalCancellationToken)
   at Sdk.WebApi.WebApi.RawHttpClientBase.SendAsync(HttpRequestMessage message, HttpCompletionOption completionOption, Object userState, CancellationToken cancellationToken)
   at Sdk.WebApi.WebApi.RawHttpClientBase.SendAsync[T](HttpRequestMessage message, Boolean readErrorBody, Object userState, CancellationToken cancellationToken)
   at Sdk.WebApi.WebApi.RawHttpClientBase.SendAsync[T](HttpMethod method, IEnumerable`1 additionalHeaders, Uri requestUri, HttpContent content, IEnumerable`1 queryParameters, Boolean readErrorBody, Object userState, CancellationToken cancellationToken)
   at GitHub.Actions.RunService.WebApi.BrokerHttpClient.GetRunnerMessageAsync(Nullable`1 sessionId, String runnerVersion, Nullable`1 status, String os, String architecture, Nullable`1 disableUpdate, CancellationToken cancellationToken)
   at GitHub.Runner.Common.BrokerServer.<>c__DisplayClass7_0.<<GetRunnerMessageAsync>b__0>d.MoveNext()
--- End of stack trace from previous location ---
   at GitHub.Runner.Common.RunnerService.RetryRequest[T](Func`1 func, CancellationToken cancellationToken, Int32 maxAttempts, Func`2 shouldRetry)
[2025-11-03 12:41:46Z ERR  BrokerServer] #####################################################
[2025-11-03 12:41:46Z ERR  BrokerServer] System.Threading.Tasks.TaskCanceledException: The operation was canceled.
 ---> System.IO.IOException: Unable to read data from the transport connection: La operaci贸n de E/S se anul贸 por una salida de subproceso o por una solicitud de aplicaci贸n..
 ---> System.Net.Sockets.SocketException (995): La operaci贸n de E/S se anul贸 por una salida de subproceso o por una solicitud de aplicaci贸n.
   --- End of inner exception stack trace ---
   at System.Net.Sockets.Socket.AwaitableSocketAsyncEventArgs.ThrowException(SocketError error, CancellationToken cancellationToken)
   at System.Net.Sockets.Socket.AwaitableSocketAsyncEventArgs.System.Threading.Tasks.Sources.IValueTaskSource<System.Int32>.GetResult(Int16 token)
   at System.Net.Security.SslStream.EnsureFullTlsFrameAsync[TIOAdapter](CancellationToken cancellationToken, Int32 estimatedSize)
   at System.Runtime.CompilerServices.PoolingAsyncValueTaskMethodBuilder`1.StateMachineBox`1.System.Threading.Tasks.Sources.IValueTaskSource<TResult>.GetResult(Int16 token)
   at System.Net.Security.SslStream.ReadAsyncInternal[TIOAdapter](Memory`1 buffer, CancellationToken cancellationToken)
   at System.Runtime.CompilerServices.PoolingAsyncValueTaskMethodBuilder`1.StateMachineBox`1.System.Threading.Tasks.Sources.IValueTaskSource<TResult>.GetResult(Int16 token)
   at System.Net.Http.HttpConnection.SendAsync(HttpRequestMessage request, Boolean async, CancellationToken cancellationToken)
   --- End of inner exception stack trace ---
   at System.Net.Http.HttpConnection.SendAsync(HttpRequestMessage request, Boolean async, CancellationToken cancellationToken)
   at System.Net.Http.AuthenticationHelper.SendWithNtAuthAsync(HttpRequestMessage request, Uri authUri, Boolean async, ICredentials credentials, Boolean isProxyAuth, HttpConnection connection, HttpConnectionPool connectionPool, CancellationToken cancellationToken)
   at System.Net.Http.HttpConnectionPool.SendWithVersionDetectionAndRetryAsync(HttpRequestMessage request, Boolean async, Boolean doRequestAuth, CancellationToken cancellationToken)
   at System.Net.Http.AuthenticationHelper.SendWithAuthAsync(HttpRequestMessage request, Uri authUri, Boolean async, ICredentials credentials, Boolean preAuthenticate, Boolean isProxyAuth, Boolean doRequestAuth, HttpConnectionPool pool, CancellationToken cancellationToken)
   at System.Net.Http.RedirectHandler.SendAsync(HttpRequestMessage request, Boolean async, CancellationToken cancellationToken)
   at GitHub.Services.Common.RawHttpMessageHandler.SendAsync(HttpRequestMessage request, CancellationToken cancellationToken)
   at GitHub.Services.Common.VssHttpRetryMessageHandler.SendAsync(HttpRequestMessage request, CancellationToken cancellationToken)
   at System.Net.Http.HttpClient.<SendAsync>g__Core|83_0(HttpRequestMessage request, HttpCompletionOption completionOption, CancellationTokenSource cts, Boolean disposeCts, CancellationTokenSource pendingRequestsCts, CancellationToken originalCancellationToken)
[2025-11-03 12:41:46Z ERR  BrokerServer] #####################################################
[2025-11-03 12:41:46Z ERR  BrokerServer] System.IO.IOException: Unable to read data from the transport connection: La operaci贸n de E/S se anul贸 por una salida de subproceso o por una solicitud de aplicaci贸n..
 ---> System.Net.Sockets.SocketException (995): La operaci贸n de E/S se anul贸 por una salida de subproceso o por una solicitud de aplicaci贸n.
   --- End of inner exception stack trace ---
   at System.Net.Sockets.Socket.AwaitableSocketAsyncEventArgs.ThrowException(SocketError error, CancellationToken cancellationToken)
   at System.Net.Sockets.Socket.AwaitableSocketAsyncEventArgs.System.Threading.Tasks.Sources.IValueTaskSource<System.Int32>.GetResult(Int16 token)
   at System.Net.Security.SslStream.EnsureFullTlsFrameAsync[TIOAdapter](CancellationToken cancellationToken, Int32 estimatedSize)
   at System.Runtime.CompilerServices.PoolingAsyncValueTaskMethodBuilder`1.StateMachineBox`1.System.Threading.Tasks.Sources.IValueTaskSource<TResult>.GetResult(Int16 token)
   at System.Net.Security.SslStream.ReadAsyncInternal[TIOAdapter](Memory`1 buffer, CancellationToken cancellationToken)
   at System.Runtime.CompilerServices.PoolingAsyncValueTaskMethodBuilder`1.StateMachineBox`1.System.Threading.Tasks.Sources.IValueTaskSource<TResult>.GetResult(Int16 token)
   at System.Net.Http.HttpConnection.SendAsync(HttpRequestMessage request, Boolean async, CancellationToken cancellationToken)
[2025-11-03 12:41:46Z ERR  BrokerServer] #####################################################
[2025-11-03 12:41:46Z ERR  BrokerServer] System.Net.Sockets.SocketException (995): La operaci贸n de E/S se anul贸 por una salida de subproceso o por una solicitud de aplicaci贸n.
[2025-11-03 12:41:46Z WARN BrokerServer] Back off 8,311 seconds before next retry. 4 attempt left.
[2025-11-03 12:41:46Z INFO BrokerMessageListener] Get messages has been cancelled using local token source. Continue to get messages with new status.
[2025-11-03 12:55:49Z INFO HostContext] Runner will be shutdown for UserCancelled
[2025-11-03 12:55:49Z WARN GitHubActionsService] GET request to https://broker.actions.githubusercontent.com/message?sessionId=7e6b9b8f-6b97-4ecb-b372-8f40f6be6d43&status=Online&runnerVersion=2.329.0&os=Windows&architecture=X64&disableUpdate=false has been cancelled.
[2025-11-03 12:55:49Z ERR  BrokerServer] Catch exception during request
[2025-11-03 12:55:49Z ERR  BrokerServer] System.Threading.Tasks.TaskCanceledException: The operation was canceled.
 ---> System.Threading.Tasks.TaskCanceledException: The operation was canceled.
 ---> System.IO.IOException: Unable to read data from the transport connection: La operaci贸n de E/S se anul贸 por una salida de subproceso o por una solicitud de aplicaci贸n..
 ---> System.Net.Sockets.SocketException (995): La operaci贸n de E/S se anul贸 por una salida de subproceso o por una solicitud de aplicaci贸n.
   --- End of inner exception stack trace ---
   at System.Net.Sockets.Socket.AwaitableSocketAsyncEventArgs.ThrowException(SocketError error, CancellationToken cancellationToken)
   at System.Net.Sockets.Socket.AwaitableSocketAsyncEventArgs.System.Threading.Tasks.Sources.IValueTaskSource<System.Int32>.GetResult(Int16 token)
   at System.Net.Security.SslStream.EnsureFullTlsFrameAsync[TIOAdapter](CancellationToken cancellationToken, Int32 estimatedSize)
   at System.Runtime.CompilerServices.PoolingAsyncValueTaskMethodBuilder`1.StateMachineBox`1.System.Threading.Tasks.Sources.IValueTaskSource<TResult>.GetResult(Int16 token)
   at System.Net.Security.SslStream.ReadAsyncInternal[TIOAdapter](Memory`1 buffer, CancellationToken cancellationToken)
   at System.Runtime.CompilerServices.PoolingAsyncValueTaskMethodBuilder`1.StateMachineBox`1.System.Threading.Tasks.Sources.IValueTaskSource<TResult>.GetResult(Int16 token)
   at System.Net.Http.HttpConnection.SendAsync(HttpRequestMessage request, Boolean async, CancellationToken cancellationToken)
   --- End of inner exception stack trace ---
   at System.Net.Http.HttpConnection.SendAsync(HttpRequestMessage request, Boolean async, CancellationToken cancellationToken)
   at System.Net.Http.AuthenticationHelper.SendWithNtAuthAsync(HttpRequestMessage request, Uri authUri, Boolean async, ICredentials credentials, Boolean isProxyAuth, HttpConnection connection, HttpConnectionPool connectionPool, CancellationToken cancellationToken)
   at System.Net.Http.HttpConnectionPool.SendWithVersionDetectionAndRetryAsync(HttpRequestMessage request, Boolean async, Boolean doRequestAuth, CancellationToken cancellationToken)
   at System.Net.Http.AuthenticationHelper.SendWithAuthAsync(HttpRequestMessage request, Uri authUri, Boolean async, ICredentials credentials, Boolean preAuthenticate, Boolean isProxyAuth, Boolean doRequestAuth, HttpConnectionPool pool, CancellationToken cancellationToken)
   at System.Net.Http.RedirectHandler.SendAsync(HttpRequestMessage request, Boolean async, CancellationToken cancellationToken)
   at GitHub.Services.Common.RawHttpMessageHandler.SendAsync(HttpRequestMessage request, CancellationToken cancellationToken)
   at GitHub.Services.Common.VssHttpRetryMessageHandler.SendAsync(HttpRequestMessage request, CancellationToken cancellationToken)
   at System.Net.Http.HttpClient.<SendAsync>g__Core|83_0(HttpRequestMessage request, HttpCompletionOption completionOption, CancellationTokenSource cts, Boolean disposeCts, CancellationTokenSource pendingRequestsCts, CancellationToken originalCancellationToken)
   --- End of inner exception stack trace ---
   at System.Net.Http.HttpClient.HandleFailure(Exception e, Boolean telemetryStarted, HttpResponseMessage response, CancellationTokenSource cts, CancellationToken cancellationToken, CancellationTokenSource pendingRequestsCts)
   at System.Net.Http.HttpClient.<SendAsync>g__Core|83_0(HttpRequestMessage request, HttpCompletionOption completionOption, CancellationTokenSource cts, Boolean disposeCts, CancellationTokenSource pendingRequestsCts, CancellationToken originalCancellationToken)
   at Sdk.WebApi.WebApi.RawHttpClientBase.SendAsync(HttpRequestMessage message, HttpCompletionOption completionOption, Object userState, CancellationToken cancellationToken)
   at Sdk.WebApi.WebApi.RawHttpClientBase.SendAsync[T](HttpRequestMessage message, Boolean readErrorBody, Object userState, CancellationToken cancellationToken)
   at Sdk.WebApi.WebApi.RawHttpClientBase.SendAsync[T](HttpMethod method, IEnumerable`1 additionalHeaders, Uri requestUri, HttpContent content, IEnumerable`1 queryParameters, Boolean readErrorBody, Object userState, CancellationToken cancellationToken)
   at GitHub.Actions.RunService.WebApi.BrokerHttpClient.GetRunnerMessageAsync(Nullable`1 sessionId, String runnerVersion, Nullable`1 status, String os, String architecture, Nullable`1 disableUpdate, CancellationToken cancellationToken)
   at GitHub.Runner.Common.BrokerServer.<>c__DisplayClass7_0.<<GetRunnerMessageAsync>b__0>d.MoveNext()
--- End of stack trace from previous location ---
   at GitHub.Runner.Common.RunnerService.RetryRequest[T](Func`1 func, CancellationToken cancellationToken, Int32 maxAttempts, Func`2 shouldRetry)
[2025-11-03 12:55:49Z ERR  BrokerServer] #####################################################
[2025-11-03 12:55:49Z ERR  BrokerServer] System.Threading.Tasks.TaskCanceledException: The operation was canceled.
 ---> System.IO.IOException: Unable to read data from the transport connection: La operaci贸n de E/S se anul贸 por una salida de subproceso o por una solicitud de aplicaci贸n..
 ---> System.Net.Sockets.SocketException (995): La operaci贸n de E/S se anul贸 por una salida de subproceso o por una solicitud de aplicaci贸n.
   --- End of inner exception stack trace ---
   at System.Net.Sockets.Socket.AwaitableSocketAsyncEventArgs.ThrowException(SocketError error, CancellationToken cancellationToken)
   at System.Net.Sockets.Socket.AwaitableSocketAsyncEventArgs.System.Threading.Tasks.Sources.IValueTaskSource<System.Int32>.GetResult(Int16 token)
   at System.Net.Security.SslStream.EnsureFullTlsFrameAsync[TIOAdapter](CancellationToken cancellationToken, Int32 estimatedSize)
   at System.Runtime.CompilerServices.PoolingAsyncValueTaskMethodBuilder`1.StateMachineBox`1.System.Threading.Tasks.Sources.IValueTaskSource<TResult>.GetResult(Int16 token)
   at System.Net.Security.SslStream.ReadAsyncInternal[TIOAdapter](Memory`1 buffer, CancellationToken cancellationToken)
   at System.Runtime.CompilerServices.PoolingAsyncValueTaskMethodBuilder`1.StateMachineBox`1.System.Threading.Tasks.Sources.IValueTaskSource<TResult>.GetResult(Int16 token)
   at System.Net.Http.HttpConnection.SendAsync(HttpRequestMessage request, Boolean async, CancellationToken cancellationToken)
   --- End of inner exception stack trace ---
   at System.Net.Http.HttpConnection.SendAsync(HttpRequestMessage request, Boolean async, CancellationToken cancellationToken)
   at System.Net.Http.AuthenticationHelper.SendWithNtAuthAsync(HttpRequestMessage request, Uri authUri, Boolean async, ICredentials credentials, Boolean isProxyAuth, HttpConnection connection, HttpConnectionPool connectionPool, CancellationToken cancellationToken)
   at System.Net.Http.HttpConnectionPool.SendWithVersionDetectionAndRetryAsync(HttpRequestMessage request, Boolean async, Boolean doRequestAuth, CancellationToken cancellationToken)
   at System.Net.Http.AuthenticationHelper.SendWithAuthAsync(HttpRequestMessage request, Uri authUri, Boolean async, ICredentials credentials, Boolean preAuthenticate, Boolean isProxyAuth, Boolean doRequestAuth, HttpConnectionPool pool, CancellationToken cancellationToken)
   at System.Net.Http.RedirectHandler.SendAsync(HttpRequestMessage request, Boolean async, CancellationToken cancellationToken)
   at GitHub.Services.Common.RawHttpMessageHandler.SendAsync(HttpRequestMessage request, CancellationToken cancellationToken)
   at GitHub.Services.Common.VssHttpRetryMessageHandler.SendAsync(HttpRequestMessage request, CancellationToken cancellationToken)
   at System.Net.Http.HttpClient.<SendAsync>g__Core|83_0(HttpRequestMessage request, HttpCompletionOption completionOption, CancellationTokenSource cts, Boolean disposeCts, CancellationTokenSource pendingRequestsCts, CancellationToken originalCancellationToken)
[2025-11-03 12:55:49Z ERR  BrokerServer] #####################################################
[2025-11-03 12:55:49Z ERR  BrokerServer] System.IO.IOException: Unable to read data from the transport connection: La operaci贸n de E/S se anul贸 por una salida de subproceso o por una solicitud de aplicaci贸n..
 ---> System.Net.Sockets.SocketException (995): La operaci贸n de E/S se anul贸 por una salida de subproceso o por una solicitud de aplicaci贸n.
   --- End of inner exception stack trace ---
   at System.Net.Sockets.Socket.AwaitableSocketAsyncEventArgs.ThrowException(SocketError error, CancellationToken cancellationToken)
   at System.Net.Sockets.Socket.AwaitableSocketAsyncEventArgs.System.Threading.Tasks.Sources.IValueTaskSource<System.Int32>.GetResult(Int16 token)
   at System.Net.Security.SslStream.EnsureFullTlsFrameAsync[TIOAdapter](CancellationToken cancellationToken, Int32 estimatedSize)
   at System.Runtime.CompilerServices.PoolingAsyncValueTaskMethodBuilder`1.StateMachineBox`1.System.Threading.Tasks.Sources.IValueTaskSource<TResult>.GetResult(Int16 token)
   at System.Net.Security.SslStream.ReadAsyncInternal[TIOAdapter](Memory`1 buffer, CancellationToken cancellationToken)
   at System.Runtime.CompilerServices.PoolingAsyncValueTaskMethodBuilder`1.StateMachineBox`1.System.Threading.Tasks.Sources.IValueTaskSource<TResult>.GetResult(Int16 token)
   at System.Net.Http.HttpConnection.SendAsync(HttpRequestMessage request, Boolean async, CancellationToken cancellationToken)
[2025-11-03 12:55:49Z ERR  BrokerServer] #####################################################
[2025-11-03 12:55:49Z ERR  BrokerServer] System.Net.Sockets.SocketException (995): La operaci贸n de E/S se anul贸 por una salida de subproceso o por una solicitud de aplicaci贸n.
[2025-11-03 12:55:49Z WARN BrokerServer] Back off 12,464 seconds before next retry. 4 attempt left.
[2025-11-03 12:55:49Z INFO BrokerMessageListener] Get next message has been cancelled.
[2025-11-03 12:55:49Z INFO JobDispatcher] Shutting down JobDispatcher. Make sure all WorkerDispatcher has finished.
[2025-11-03 12:55:49Z INFO JobDispatcher] Ensure WorkerDispatcher for job 7a848527-9abf-5547-880a-ed75ccc35f5a run to finish, cancel any running job.
[2025-11-03 12:55:49Z INFO JobDispatcher] Job request 7a848527-9abf-5547-880a-ed75ccc35f5a processed succeed.
[2025-11-03 12:55:49Z INFO Runner] Deleting Runner Session...
[2025-11-03 12:55:50Z INFO Listener] Runner execution been cancelled.
