[2025-11-03 09:55:20Z INFO HostContext] No proxy settings were found based on environmental variables (http_proxy/https_proxy/HTTP_PROXY/HTTPS_PROXY)
[2025-11-03 09:55:20Z INFO HostContext] Well known directory 'Bin': 'D:\projects\devops-lab-1\actions-runner\actions-runner-win-x64-2.329.0\bin'
[2025-11-03 09:55:20Z INFO HostContext] Well known directory 'Root': 'D:\projects\devops-lab-1\actions-runner\actions-runner-win-x64-2.329.0'
[2025-11-03 09:55:20Z INFO HostContext] Well known config file 'Credentials': 'D:\projects\devops-lab-1\actions-runner\actions-runner-win-x64-2.329.0\.credentials'
[2025-11-03 09:55:20Z INFO HostContext] Well known directory 'Bin': 'D:\projects\devops-lab-1\actions-runner\actions-runner-win-x64-2.329.0\bin'
[2025-11-03 09:55:20Z INFO HostContext] Well known directory 'Root': 'D:\projects\devops-lab-1\actions-runner\actions-runner-win-x64-2.329.0'
[2025-11-03 09:55:20Z INFO HostContext] Well known config file 'Runner': 'D:\projects\devops-lab-1\actions-runner\actions-runner-win-x64-2.329.0\.runner'
[2025-11-03 09:55:20Z INFO Listener] Runner is built for Windows (X64) - win-x64.
[2025-11-03 09:55:20Z INFO Listener] RuntimeInformation: Microsoft Windows 10.0.19045.
[2025-11-03 09:55:20Z INFO Listener] Version: 2.329.0
[2025-11-03 09:55:20Z INFO Listener] Commit: c76c59996c8fa32e989164a5a695efb12608ae5a
[2025-11-03 09:55:20Z INFO Listener] Culture: es-ES
[2025-11-03 09:55:20Z INFO Listener] UI Culture: es-ES
[2025-11-03 09:55:20Z INFO HostContext] Well known directory 'Bin': 'D:\projects\devops-lab-1\actions-runner\actions-runner-win-x64-2.329.0\bin'
[2025-11-03 09:55:20Z INFO HostContext] Well known directory 'Root': 'D:\projects\devops-lab-1\actions-runner\actions-runner-win-x64-2.329.0'
[2025-11-03 09:55:20Z INFO Listener] Validating directory permissions for: 'D:\projects\devops-lab-1\actions-runner\actions-runner-win-x64-2.329.0'
[2025-11-03 09:55:20Z INFO CommandLineParser] Parse
[2025-11-03 09:55:20Z INFO CommandLineParser] Parsing 1 args
[2025-11-03 09:55:20Z INFO CommandLineParser] parsing argument
[2025-11-03 09:55:20Z INFO CommandLineParser] HasArgs: False
[2025-11-03 09:55:20Z INFO CommandLineParser] Adding Command: configure
[2025-11-03 09:55:20Z INFO Listener] Arguments parsed
[2025-11-03 09:55:20Z INFO Runner] ExecuteCommand
[2025-11-03 09:55:20Z INFO ConfigurationStore] currentAssemblyLocation: D:\projects\devops-lab-1\actions-runner\actions-runner-win-x64-2.329.0\bin\Runner.Listener.dll
[2025-11-03 09:55:20Z INFO HostContext] Well known directory 'Bin': 'D:\projects\devops-lab-1\actions-runner\actions-runner-win-x64-2.329.0\bin'
[2025-11-03 09:55:20Z INFO ConfigurationStore] binPath: D:\projects\devops-lab-1\actions-runner\actions-runner-win-x64-2.329.0\bin
[2025-11-03 09:55:20Z INFO HostContext] Well known directory 'Bin': 'D:\projects\devops-lab-1\actions-runner\actions-runner-win-x64-2.329.0\bin'
[2025-11-03 09:55:20Z INFO HostContext] Well known directory 'Root': 'D:\projects\devops-lab-1\actions-runner\actions-runner-win-x64-2.329.0'
[2025-11-03 09:55:20Z INFO ConfigurationStore] RootFolder: D:\projects\devops-lab-1\actions-runner\actions-runner-win-x64-2.329.0
[2025-11-03 09:55:20Z INFO HostContext] Well known directory 'Bin': 'D:\projects\devops-lab-1\actions-runner\actions-runner-win-x64-2.329.0\bin'
[2025-11-03 09:55:20Z INFO HostContext] Well known directory 'Root': 'D:\projects\devops-lab-1\actions-runner\actions-runner-win-x64-2.329.0'
[2025-11-03 09:55:20Z INFO HostContext] Well known config file 'Runner': 'D:\projects\devops-lab-1\actions-runner\actions-runner-win-x64-2.329.0\.runner'
[2025-11-03 09:55:20Z INFO ConfigurationStore] ConfigFilePath: D:\projects\devops-lab-1\actions-runner\actions-runner-win-x64-2.329.0\.runner
[2025-11-03 09:55:20Z INFO HostContext] Well known directory 'Bin': 'D:\projects\devops-lab-1\actions-runner\actions-runner-win-x64-2.329.0\bin'
[2025-11-03 09:55:20Z INFO HostContext] Well known directory 'Root': 'D:\projects\devops-lab-1\actions-runner\actions-runner-win-x64-2.329.0'
[2025-11-03 09:55:20Z INFO HostContext] Well known config file 'MigratedRunner': 'D:\projects\devops-lab-1\actions-runner\actions-runner-win-x64-2.329.0\.runner_migrated'
[2025-11-03 09:55:20Z INFO ConfigurationStore] MigratedConfigFilePath: D:\projects\devops-lab-1\actions-runner\actions-runner-win-x64-2.329.0\.runner_migrated
[2025-11-03 09:55:20Z INFO HostContext] Well known directory 'Bin': 'D:\projects\devops-lab-1\actions-runner\actions-runner-win-x64-2.329.0\bin'
[2025-11-03 09:55:20Z INFO HostContext] Well known directory 'Root': 'D:\projects\devops-lab-1\actions-runner\actions-runner-win-x64-2.329.0'
[2025-11-03 09:55:20Z INFO HostContext] Well known config file 'Credentials': 'D:\projects\devops-lab-1\actions-runner\actions-runner-win-x64-2.329.0\.credentials'
[2025-11-03 09:55:20Z INFO ConfigurationStore] CredFilePath: D:\projects\devops-lab-1\actions-runner\actions-runner-win-x64-2.329.0\.credentials
[2025-11-03 09:55:20Z INFO HostContext] Well known directory 'Bin': 'D:\projects\devops-lab-1\actions-runner\actions-runner-win-x64-2.329.0\bin'
[2025-11-03 09:55:20Z INFO HostContext] Well known directory 'Root': 'D:\projects\devops-lab-1\actions-runner\actions-runner-win-x64-2.329.0'
[2025-11-03 09:55:20Z INFO HostContext] Well known config file 'MigratedCredentials': 'D:\projects\devops-lab-1\actions-runner\actions-runner-win-x64-2.329.0\.credentials_migrated'
[2025-11-03 09:55:20Z INFO ConfigurationStore] MigratedCredFilePath: D:\projects\devops-lab-1\actions-runner\actions-runner-win-x64-2.329.0\.credentials_migrated
[2025-11-03 09:55:20Z INFO HostContext] Well known directory 'Bin': 'D:\projects\devops-lab-1\actions-runner\actions-runner-win-x64-2.329.0\bin'
[2025-11-03 09:55:20Z INFO HostContext] Well known directory 'Root': 'D:\projects\devops-lab-1\actions-runner\actions-runner-win-x64-2.329.0'
[2025-11-03 09:55:20Z INFO HostContext] Well known config file 'Service': 'D:\projects\devops-lab-1\actions-runner\actions-runner-win-x64-2.329.0\.service'
[2025-11-03 09:55:20Z INFO ConfigurationStore] ServiceConfigFilePath: D:\projects\devops-lab-1\actions-runner\actions-runner-win-x64-2.329.0\.service
[2025-11-03 09:55:20Z INFO CommandSettings] Flag 'help': 'False'
[2025-11-03 09:55:20Z INFO CommandSettings] Flag 'version': 'False'
[2025-11-03 09:55:20Z INFO CommandSettings] Flag 'commit': 'False'
[2025-11-03 09:55:20Z INFO CommandSettings] Flag 'check': 'False'
[2025-11-03 09:55:20Z INFO CommandSettings] Command 'configure': 'True'
[2025-11-03 09:55:20Z INFO Terminal] WRITE LINE: 
[2025-11-03 09:55:20Z INFO Terminal] WRITE LINE: --------------------------------------------------------------------------------
[2025-11-03 09:55:20Z INFO Terminal] WRITE LINE: |        ____ _ _   _   _       _          _        _   _                      |
[2025-11-03 09:55:20Z INFO Terminal] WRITE LINE: |       / ___(_) |_| | | |_   _| |__      / \   ___| |_(_) ___  _ __  ___      |
[2025-11-03 09:55:20Z INFO Terminal] WRITE LINE: |      | |  _| | __| |_| | | | | '_ \    / _ \ / __| __| |/ _ \| '_ \/ __|     |
[2025-11-03 09:55:20Z INFO Terminal] WRITE LINE: |      | |_| | | |_|  _  | |_| | |_) |  / ___ \ (__| |_| | (_) | | | \__ \     |
[2025-11-03 09:55:20Z INFO Terminal] WRITE LINE: |       \____|_|\__|_| |_|\__,_|_.__/  /_/   \_\___|\__|_|\___/|_| |_|___/     |
[2025-11-03 09:55:20Z INFO Terminal] WRITE LINE: |                                                                              |
[2025-11-03 09:55:20Z INFO Terminal] WRITE: |                       
[2025-11-03 09:55:20Z INFO Terminal] WRITE: Self-hosted runner registration
[2025-11-03 09:55:20Z INFO Terminal] WRITE LINE:                         |
[2025-11-03 09:55:20Z INFO Terminal] WRITE LINE: |                                                                              |
[2025-11-03 09:55:20Z INFO Terminal] WRITE LINE: --------------------------------------------------------------------------------
[2025-11-03 09:55:20Z INFO ConfigurationManager] ConfigureAsync
[2025-11-03 09:55:20Z INFO CommandSettings] Flag 'generateServiceConfig': 'False'
[2025-11-03 09:55:20Z INFO ConfigurationStore] IsConfigured()
[2025-11-03 09:55:20Z INFO ConfigurationStore] IsConfigured: False
[2025-11-03 09:55:20Z INFO ConfigurationManager] Is configured: False
[2025-11-03 09:55:20Z INFO CommandSettings] Arg 'url': ''
[2025-11-03 09:55:20Z INFO CommandSettings] Flag 'unattended': 'False'
[2025-11-03 09:55:20Z INFO PromptManager] ReadValue
[2025-11-03 09:55:20Z INFO Terminal] WRITE: What is the URL of your repository? 
[2025-11-03 09:55:20Z INFO Terminal] READ LINE
[2025-11-03 09:55:36Z INFO Terminal] Read value: 'https://github.com/roqval22/devops-lab-1.git'
[2025-11-03 09:55:36Z INFO CommandSettings] Arg 'token': ''
[2025-11-03 09:55:36Z INFO CommandSettings] Flag 'unattended': 'False'
[2025-11-03 09:55:36Z INFO PromptManager] ReadValue
[2025-11-03 09:55:36Z INFO Terminal] WRITE: What is your runner register token? 
[2025-11-03 09:55:36Z INFO Terminal] READ SECRET
[2025-11-03 09:56:12Z INFO Terminal] Read value: '***'
[2025-11-03 09:56:14Z ERR  Terminal] WRITE ERROR: Http response code: NotFound from 'POST https://api.github.com/actions/runner-registration' (Request Id: CE6D:33A9B0:28EDB03:274763F:69087C3E)
[2025-11-03 09:56:14Z ERR  Terminal] WRITE ERROR: {"message":"Not Found","documentation_url":"https://docs.github.com/rest","status":"404"}
[2025-11-03 09:56:14Z ERR  Runner] System.Net.Http.HttpRequestException: Response status code does not indicate success: 404 (Not Found).
   at System.Net.Http.HttpResponseMessage.EnsureSuccessStatusCode()
   at GitHub.Runner.Listener.Configuration.ConfigurationManager.GetTenantCredential(String githubUrl, String githubToken, String runnerEvent)
   at GitHub.Runner.Listener.Configuration.ConfigurationManager.ConfigureAsync(CommandSettings command)
   at GitHub.Runner.Listener.Runner.ExecuteCommand(CommandSettings command)
[2025-11-03 09:56:14Z ERR  Terminal] WRITE ERROR: Response status code does not indicate success: 404 (Not Found).
[2025-11-03 09:56:14Z INFO Listener] Runner execution has finished with return code 1
