[2025-11-10 08:44:24Z INFO HostContext] No proxy settings were found based on environmental variables (http_proxy/https_proxy/HTTP_PROXY/HTTPS_PROXY)
[2025-11-10 08:44:25Z INFO HostContext] Well known directory 'Bin': 'D:\projects\devops-lab-2\actions-runner\actions-runner-win-x64-2.329.0\bin'
[2025-11-10 08:44:25Z INFO HostContext] Well known directory 'Root': 'D:\projects\devops-lab-2\actions-runner\actions-runner-win-x64-2.329.0'
[2025-11-10 08:44:25Z INFO HostContext] Well known config file 'Credentials': 'D:\projects\devops-lab-2\actions-runner\actions-runner-win-x64-2.329.0\.credentials'
[2025-11-10 08:44:25Z INFO HostContext] Well known directory 'Bin': 'D:\projects\devops-lab-2\actions-runner\actions-runner-win-x64-2.329.0\bin'
[2025-11-10 08:44:25Z INFO HostContext] Well known directory 'Root': 'D:\projects\devops-lab-2\actions-runner\actions-runner-win-x64-2.329.0'
[2025-11-10 08:44:25Z INFO HostContext] Well known config file 'Runner': 'D:\projects\devops-lab-2\actions-runner\actions-runner-win-x64-2.329.0\.runner'
[2025-11-10 08:44:25Z INFO Listener] Runner is built for Windows (X64) - win-x64.
[2025-11-10 08:44:25Z INFO Listener] RuntimeInformation: Microsoft Windows 10.0.19045.
[2025-11-10 08:44:25Z INFO Listener] Version: 2.329.0
[2025-11-10 08:44:25Z INFO Listener] Commit: c76c59996c8fa32e989164a5a695efb12608ae5a
[2025-11-10 08:44:25Z INFO Listener] Culture: es-ES
[2025-11-10 08:44:25Z INFO Listener] UI Culture: es-ES
[2025-11-10 08:44:25Z INFO HostContext] Well known directory 'Bin': 'D:\projects\devops-lab-2\actions-runner\actions-runner-win-x64-2.329.0\bin'
[2025-11-10 08:44:25Z INFO HostContext] Well known directory 'Root': 'D:\projects\devops-lab-2\actions-runner\actions-runner-win-x64-2.329.0'
[2025-11-10 08:44:25Z INFO Listener] Validating directory permissions for: 'D:\projects\devops-lab-2\actions-runner\actions-runner-win-x64-2.329.0'
[2025-11-10 08:44:25Z INFO CommandLineParser] Parse
[2025-11-10 08:44:25Z INFO CommandLineParser] Parsing 1 args
[2025-11-10 08:44:25Z INFO CommandLineParser] parsing argument
[2025-11-10 08:44:25Z INFO CommandLineParser] HasArgs: False
[2025-11-10 08:44:25Z INFO CommandLineParser] Adding Command: run
[2025-11-10 08:44:25Z INFO Listener] Arguments parsed
[2025-11-10 08:44:25Z INFO Runner] ExecuteCommand
[2025-11-10 08:44:25Z INFO ConfigurationStore] currentAssemblyLocation: D:\projects\devops-lab-2\actions-runner\actions-runner-win-x64-2.329.0\bin\Runner.Listener.dll
[2025-11-10 08:44:25Z INFO HostContext] Well known directory 'Bin': 'D:\projects\devops-lab-2\actions-runner\actions-runner-win-x64-2.329.0\bin'
[2025-11-10 08:44:25Z INFO ConfigurationStore] binPath: D:\projects\devops-lab-2\actions-runner\actions-runner-win-x64-2.329.0\bin
[2025-11-10 08:44:25Z INFO HostContext] Well known directory 'Bin': 'D:\projects\devops-lab-2\actions-runner\actions-runner-win-x64-2.329.0\bin'
[2025-11-10 08:44:25Z INFO HostContext] Well known directory 'Root': 'D:\projects\devops-lab-2\actions-runner\actions-runner-win-x64-2.329.0'
[2025-11-10 08:44:25Z INFO ConfigurationStore] RootFolder: D:\projects\devops-lab-2\actions-runner\actions-runner-win-x64-2.329.0
[2025-11-10 08:44:25Z INFO HostContext] Well known directory 'Bin': 'D:\projects\devops-lab-2\actions-runner\actions-runner-win-x64-2.329.0\bin'
[2025-11-10 08:44:25Z INFO HostContext] Well known directory 'Root': 'D:\projects\devops-lab-2\actions-runner\actions-runner-win-x64-2.329.0'
[2025-11-10 08:44:25Z INFO HostContext] Well known config file 'Runner': 'D:\projects\devops-lab-2\actions-runner\actions-runner-win-x64-2.329.0\.runner'
[2025-11-10 08:44:25Z INFO ConfigurationStore] ConfigFilePath: D:\projects\devops-lab-2\actions-runner\actions-runner-win-x64-2.329.0\.runner
[2025-11-10 08:44:25Z INFO HostContext] Well known directory 'Bin': 'D:\projects\devops-lab-2\actions-runner\actions-runner-win-x64-2.329.0\bin'
[2025-11-10 08:44:25Z INFO HostContext] Well known directory 'Root': 'D:\projects\devops-lab-2\actions-runner\actions-runner-win-x64-2.329.0'
[2025-11-10 08:44:25Z INFO HostContext] Well known config file 'MigratedRunner': 'D:\projects\devops-lab-2\actions-runner\actions-runner-win-x64-2.329.0\.runner_migrated'
[2025-11-10 08:44:25Z INFO ConfigurationStore] MigratedConfigFilePath: D:\projects\devops-lab-2\actions-runner\actions-runner-win-x64-2.329.0\.runner_migrated
[2025-11-10 08:44:25Z INFO HostContext] Well known directory 'Bin': 'D:\projects\devops-lab-2\actions-runner\actions-runner-win-x64-2.329.0\bin'
[2025-11-10 08:44:25Z INFO HostContext] Well known directory 'Root': 'D:\projects\devops-lab-2\actions-runner\actions-runner-win-x64-2.329.0'
[2025-11-10 08:44:25Z INFO HostContext] Well known config file 'Credentials': 'D:\projects\devops-lab-2\actions-runner\actions-runner-win-x64-2.329.0\.credentials'
[2025-11-10 08:44:25Z INFO ConfigurationStore] CredFilePath: D:\projects\devops-lab-2\actions-runner\actions-runner-win-x64-2.329.0\.credentials
[2025-11-10 08:44:25Z INFO HostContext] Well known directory 'Bin': 'D:\projects\devops-lab-2\actions-runner\actions-runner-win-x64-2.329.0\bin'
[2025-11-10 08:44:25Z INFO HostContext] Well known directory 'Root': 'D:\projects\devops-lab-2\actions-runner\actions-runner-win-x64-2.329.0'
[2025-11-10 08:44:25Z INFO HostContext] Well known config file 'MigratedCredentials': 'D:\projects\devops-lab-2\actions-runner\actions-runner-win-x64-2.329.0\.credentials_migrated'
[2025-11-10 08:44:25Z INFO ConfigurationStore] MigratedCredFilePath: D:\projects\devops-lab-2\actions-runner\actions-runner-win-x64-2.329.0\.credentials_migrated
[2025-11-10 08:44:25Z INFO HostContext] Well known directory 'Bin': 'D:\projects\devops-lab-2\actions-runner\actions-runner-win-x64-2.329.0\bin'
[2025-11-10 08:44:25Z INFO HostContext] Well known directory 'Root': 'D:\projects\devops-lab-2\actions-runner\actions-runner-win-x64-2.329.0'
[2025-11-10 08:44:25Z INFO HostContext] Well known config file 'Service': 'D:\projects\devops-lab-2\actions-runner\actions-runner-win-x64-2.329.0\.service'
[2025-11-10 08:44:25Z INFO ConfigurationStore] ServiceConfigFilePath: D:\projects\devops-lab-2\actions-runner\actions-runner-win-x64-2.329.0\.service
[2025-11-10 08:44:25Z INFO CommandSettings] Flag 'help': 'False'
[2025-11-10 08:44:25Z INFO CommandSettings] Flag 'version': 'False'
[2025-11-10 08:44:25Z INFO CommandSettings] Flag 'commit': 'False'
[2025-11-10 08:44:25Z INFO CommandSettings] Flag 'check': 'False'
[2025-11-10 08:44:25Z INFO CommandSettings] Command 'configure': 'False'
[2025-11-10 08:44:25Z INFO CommandSettings] Command 'remove': 'False'
[2025-11-10 08:44:25Z INFO CommandSettings] Command 'warmup': 'False'
[2025-11-10 08:44:25Z INFO ConfigurationManager] LoadSettings
[2025-11-10 08:44:25Z INFO ConfigurationStore] IsConfigured()
[2025-11-10 08:44:25Z INFO ConfigurationStore] IsConfigured: True
[2025-11-10 08:44:25Z INFO ConfigurationManager] Is configured: True
[2025-11-10 08:44:25Z INFO ConfigurationStore] Read setting file: 397 chars
[2025-11-10 08:44:25Z INFO ConfigurationManager] Settings Loaded
[2025-11-10 08:44:25Z INFO ConfigurationStore] IsServiceConfigured()
[2025-11-10 08:44:25Z INFO ConfigurationStore] IsServiceConfigured: False
[2025-11-10 08:44:25Z INFO CommandSettings] Command 'run': 'True'
[2025-11-10 08:44:25Z INFO ConfigurationStore] IsConfigured()
[2025-11-10 08:44:25Z INFO ConfigurationStore] IsConfigured: True
[2025-11-10 08:44:25Z INFO ConfigurationManager] Is configured: True
[2025-11-10 08:44:25Z INFO Runner] Could not parse the argument value '' for StartupType. Defaulting to Manual
[2025-11-10 08:44:25Z INFO Runner] Set runner startup type - Manual
[2025-11-10 08:44:25Z INFO CommandSettings] Flag 'once': 'False'
[2025-11-10 08:44:25Z INFO CommandSettings] Flag 'once': 'False'
[2025-11-10 08:44:25Z INFO Runner] RunAsync
[2025-11-10 08:44:25Z INFO ConfigurationManager] LoadMigratedSettings
[2025-11-10 08:44:25Z INFO ConfigurationStore] IsMigratedConfigured()
[2025-11-10 08:44:25Z INFO ConfigurationStore] IsMigratedConfigured: True
[2025-11-10 08:44:25Z INFO ConfigurationStore] Read migrated setting file: 397 chars
[2025-11-10 08:44:25Z INFO ConfigurationManager] Migrated Settings Loaded
[2025-11-10 08:44:25Z INFO Runner] Loaded migrated settings from .runner_migrated file
[2025-11-10 08:44:25Z INFO Runner] {
  "AgentId": 2,
  "AgentName": "devops_runner",
  "PoolId": 1,
  "PoolName": "Default",
  "ServerUrl": "https://pipelinesghubeus9.actions.githubusercontent.com/qxNxAfZFUh03AXvyMiVpFobWRWrwTpoVe9lmwuYUbMWHog8nV9/",
  "GitHubUrl": "https://github.com/roqval22/devops-lab-2",
  "WorkFolder": "_work",
  "UseV2Flow": true,
  "ServerUrlV2": "https://broker.actions.githubusercontent.com/"
}
[2025-11-10 08:44:25Z INFO Runner] Attempting to create session using migrated settings
[2025-11-10 08:44:25Z INFO Runner] Using BrokerMessageListener
[2025-11-10 08:44:25Z INFO BrokerMessageListener] Using provided settings
[2025-11-10 08:44:25Z INFO BrokerMessageListener] Using migrated settings from .runner_migrated
[2025-11-10 08:44:25Z INFO BrokerMessageListener] {
  "AgentId": 2,
  "AgentName": "devops_runner",
  "PoolId": 1,
  "PoolName": "Default",
  "ServerUrl": "https://pipelinesghubeus9.actions.githubusercontent.com/qxNxAfZFUh03AXvyMiVpFobWRWrwTpoVe9lmwuYUbMWHog8nV9/",
  "GitHubUrl": "https://github.com/roqval22/devops-lab-2",
  "WorkFolder": "_work",
  "UseV2Flow": true,
  "ServerUrlV2": "https://broker.actions.githubusercontent.com/"
}
[2025-11-10 08:44:25Z INFO BrokerMessageListener] Loading Credentials
[2025-11-10 08:44:25Z INFO ConfigurationStore] HasCredentials()
[2025-11-10 08:44:25Z INFO ConfigurationStore] stored True
[2025-11-10 08:44:25Z INFO CredentialManager] GetCredentialProvider
[2025-11-10 08:44:25Z INFO CredentialManager] Creating type OAuth
[2025-11-10 08:44:25Z INFO CredentialManager] Creating credential type: OAuth
[2025-11-10 08:44:25Z INFO HostContext] Well known directory 'Bin': 'D:\projects\devops-lab-2\actions-runner\actions-runner-win-x64-2.329.0\bin'
[2025-11-10 08:44:25Z INFO HostContext] Well known directory 'Root': 'D:\projects\devops-lab-2\actions-runner\actions-runner-win-x64-2.329.0'
[2025-11-10 08:44:25Z INFO HostContext] Well known config file 'RSACredentials': 'D:\projects\devops-lab-2\actions-runner\actions-runner-win-x64-2.329.0\.credentials_rsaparams'
[2025-11-10 08:44:25Z INFO RSAEncryptedFileKeyManager] Loading RSA key parameters from file D:\projects\devops-lab-2\actions-runner\actions-runner-win-x64-2.329.0\.credentials_rsaparams
[2025-11-10 08:44:25Z INFO BrokerMessageListener] Attempt to create session.
[2025-11-10 08:44:25Z INFO BrokerMessageListener] Connecting to the Broker Server...
[2025-11-10 08:44:25Z INFO ConfigurationStore] HasCredentials()
[2025-11-10 08:44:25Z INFO ConfigurationStore] stored True
[2025-11-10 08:44:25Z INFO CredentialManager] GetCredentialProvider
[2025-11-10 08:44:25Z INFO CredentialManager] Creating type OAuth
[2025-11-10 08:44:25Z INFO CredentialManager] Creating credential type: OAuth
[2025-11-10 08:44:25Z INFO RSAEncryptedFileKeyManager] Loading RSA key parameters from file D:\projects\devops-lab-2\actions-runner\actions-runner-win-x64-2.329.0\.credentials_rsaparams
[2025-11-10 08:44:25Z INFO BrokerMessageListener] VssConnection created
[2025-11-10 08:44:25Z INFO BrokerMessageListener] Connecting to the Runner server...
[2025-11-10 08:44:25Z INFO RunnerServer] EstablishVssConnection
[2025-11-10 08:44:25Z INFO RunnerServer] Establish connection with 100 seconds timeout.
[2025-11-10 08:44:25Z INFO GitHubActionsService] Starting operation Location.GetConnectionData
[2025-11-10 08:44:25Z INFO RunnerServer] EstablishVssConnection
[2025-11-10 08:44:25Z INFO RunnerServer] Establish connection with 60 seconds timeout.
[2025-11-10 08:44:25Z INFO GitHubActionsService] Starting operation Location.GetConnectionData
[2025-11-10 08:44:25Z INFO RunnerServer] EstablishVssConnection
[2025-11-10 08:44:25Z INFO RunnerServer] Establish connection with 60 seconds timeout.
[2025-11-10 08:44:25Z INFO GitHubActionsService] Starting operation Location.GetConnectionData
[2025-11-10 08:44:25Z INFO GitHubActionsService] Finished operation Location.GetConnectionData
[2025-11-10 08:44:25Z INFO GitHubActionsService] Finished operation Location.GetConnectionData
[2025-11-10 08:44:25Z INFO GitHubActionsService] Finished operation Location.GetConnectionData
[2025-11-10 08:44:26Z INFO BrokerMessageListener] VssConnection created
[2025-11-10 08:44:26Z INFO Terminal] WRITE LINE: 
[2025-11-10 08:44:26Z INFO Terminal] WRITE LINE: 
[2025-11-10 08:44:26Z INFO RSAEncryptedFileKeyManager] Loading RSA key parameters from file D:\projects\devops-lab-2\actions-runner\actions-runner-win-x64-2.329.0\.credentials_rsaparams
[2025-11-10 08:44:26Z INFO RSAEncryptedFileKeyManager] Loading RSA key parameters from file D:\projects\devops-lab-2\actions-runner\actions-runner-win-x64-2.329.0\.credentials_rsaparams
[2025-11-10 08:44:26Z INFO GitHubActionsService] AAD Correlation ID for this token request: Unknown
[2025-11-10 08:44:27Z INFO BrokerMessageListener] Session created.
[2025-11-10 08:44:27Z INFO Runner] Successfully created session with migrated settings
[2025-11-10 08:44:27Z INFO Terminal] WRITE LINE: Current runner version: '2.329.0'
[2025-11-10 08:44:27Z INFO Terminal] WRITE LINE: 2025-11-10 08:44:27Z: Listening for Jobs
[2025-11-10 08:44:27Z INFO JobDispatcher] Set runner/worker IPC timeout to 30 seconds.
[2025-11-10 08:45:51Z INFO Runner] Received RunnerRefreshConfigMessage for 'runner' config file
[2025-11-10 08:45:51Z INFO RunnerConfigUpdater] Verifying runner qualified id: U_kgDOCuyklA/R_kgDOQOPG-A/self-hosted/2
[2025-11-10 08:45:51Z INFO HostContext] Well known directory 'Bin': 'D:\projects\devops-lab-2\actions-runner\actions-runner-win-x64-2.329.0\bin'
[2025-11-10 08:45:51Z INFO HostContext] Well known directory 'Root': 'D:\projects\devops-lab-2\actions-runner\actions-runner-win-x64-2.329.0'
[2025-11-10 08:45:51Z INFO HostContext] Well known config file 'Runner': 'D:\projects\devops-lab-2\actions-runner\actions-runner-win-x64-2.329.0\.runner'
[2025-11-10 08:45:51Z INFO RSAEncryptedFileKeyManager] Loading RSA key parameters from file D:\projects\devops-lab-2\actions-runner\actions-runner-win-x64-2.329.0\.credentials_rsaparams
[2025-11-10 08:45:51Z INFO RSAEncryptedFileKeyManager] Loading RSA key parameters from file D:\projects\devops-lab-2\actions-runner\actions-runner-win-x64-2.329.0\.credentials_rsaparams
[2025-11-10 08:45:52Z INFO GitHubActionsService] AAD Correlation ID for this token request: Unknown
[2025-11-10 08:45:52Z INFO ConfigurationStore] Saving runner migrated settings
[2025-11-10 08:45:52Z INFO ConfigurationStore] Delete exist runner migrated settings file.
[2025-11-10 08:45:52Z INFO ConfigurationStore] Migrated Settings Saved.
[2025-11-10 08:45:52Z INFO Runner] Runner configuration was updated. Session restart has been scheduled
[2025-11-10 08:45:52Z INFO Runner] Pending session restart detected and job dispatcher is not busy. Restarting session now.
[2025-11-10 08:45:52Z INFO JobDispatcher] Shutting down JobDispatcher. Make sure all WorkerDispatcher has finished.
[2025-11-10 08:45:52Z INFO Runner] Deleting Runner Session...
[2025-11-10 08:45:52Z INFO Runner] Restarting runner session after config update...
[2025-11-10 08:45:52Z INFO Runner] Runner configuration was refreshed, restarting session...
[2025-11-10 08:45:52Z INFO ConfigurationManager] LoadSettings
[2025-11-10 08:45:52Z INFO ConfigurationStore] IsConfigured()
[2025-11-10 08:45:52Z INFO ConfigurationStore] IsConfigured: True
[2025-11-10 08:45:52Z INFO ConfigurationManager] Is configured: True
[2025-11-10 08:45:52Z INFO ConfigurationManager] Settings Loaded
[2025-11-10 08:45:52Z INFO Runner] RunAsync
[2025-11-10 08:45:52Z INFO ConfigurationManager] LoadMigratedSettings
[2025-11-10 08:45:52Z INFO ConfigurationStore] IsMigratedConfigured()
[2025-11-10 08:45:52Z INFO ConfigurationStore] IsMigratedConfigured: True
[2025-11-10 08:45:52Z INFO ConfigurationManager] Migrated Settings Loaded
[2025-11-10 08:45:52Z INFO Runner] Loaded migrated settings from .runner_migrated file
[2025-11-10 08:45:52Z INFO Runner] {
  "AgentId": 2,
  "AgentName": "devops_runner",
  "PoolId": 1,
  "PoolName": "Default",
  "ServerUrl": "https://pipelinesghubeus9.actions.githubusercontent.com/qxNxAfZFUh03AXvyMiVpFobWRWrwTpoVe9lmwuYUbMWHog8nV9/",
  "GitHubUrl": "https://github.com/roqval22/devops-lab-2",
  "WorkFolder": "_work",
  "UseV2Flow": true,
  "ServerUrlV2": "https://broker.actions.githubusercontent.com/"
}
[2025-11-10 08:45:52Z INFO Runner] Attempting to create session using migrated settings
[2025-11-10 08:45:52Z INFO Runner] Using BrokerMessageListener
[2025-11-10 08:45:52Z INFO BrokerMessageListener] Using provided settings
[2025-11-10 08:45:52Z INFO BrokerMessageListener] Using migrated settings from .runner_migrated
[2025-11-10 08:45:52Z INFO BrokerMessageListener] {
  "AgentId": 2,
  "AgentName": "devops_runner",
  "PoolId": 1,
  "PoolName": "Default",
  "ServerUrl": "https://pipelinesghubeus9.actions.githubusercontent.com/qxNxAfZFUh03AXvyMiVpFobWRWrwTpoVe9lmwuYUbMWHog8nV9/",
  "GitHubUrl": "https://github.com/roqval22/devops-lab-2",
  "WorkFolder": "_work",
  "UseV2Flow": true,
  "ServerUrlV2": "https://broker.actions.githubusercontent.com/"
}
[2025-11-10 08:45:52Z INFO BrokerMessageListener] Loading Credentials
[2025-11-10 08:45:52Z INFO ConfigurationStore] HasCredentials()
[2025-11-10 08:45:52Z INFO ConfigurationStore] stored True
[2025-11-10 08:45:52Z INFO CredentialManager] GetCredentialProvider
[2025-11-10 08:45:52Z INFO CredentialManager] Creating type OAuth
[2025-11-10 08:45:52Z INFO CredentialManager] Creating credential type: OAuth
[2025-11-10 08:45:52Z INFO RSAEncryptedFileKeyManager] Loading RSA key parameters from file D:\projects\devops-lab-2\actions-runner\actions-runner-win-x64-2.329.0\.credentials_rsaparams
[2025-11-10 08:45:52Z INFO BrokerMessageListener] Attempt to create session.
[2025-11-10 08:45:52Z INFO BrokerMessageListener] Connecting to the Broker Server...
[2025-11-10 08:45:52Z INFO ConfigurationStore] HasCredentials()
[2025-11-10 08:45:52Z INFO ConfigurationStore] stored True
[2025-11-10 08:45:52Z INFO CredentialManager] GetCredentialProvider
[2025-11-10 08:45:52Z INFO CredentialManager] Creating type OAuth
[2025-11-10 08:45:52Z INFO CredentialManager] Creating credential type: OAuth
[2025-11-10 08:45:52Z INFO RSAEncryptedFileKeyManager] Loading RSA key parameters from file D:\projects\devops-lab-2\actions-runner\actions-runner-win-x64-2.329.0\.credentials_rsaparams
[2025-11-10 08:45:52Z INFO BrokerMessageListener] VssConnection created
[2025-11-10 08:45:52Z INFO BrokerMessageListener] Connecting to the Runner server...
[2025-11-10 08:45:52Z INFO RunnerServer] EstablishVssConnection
[2025-11-10 08:45:52Z INFO RunnerServer] Establish connection with 100 seconds timeout.
[2025-11-10 08:45:52Z INFO GitHubActionsService] Starting operation Location.GetConnectionData
[2025-11-10 08:45:52Z INFO RunnerServer] EstablishVssConnection
[2025-11-10 08:45:52Z INFO RunnerServer] Establish connection with 60 seconds timeout.
[2025-11-10 08:45:52Z INFO GitHubActionsService] Starting operation Location.GetConnectionData
[2025-11-10 08:45:52Z INFO RunnerServer] EstablishVssConnection
[2025-11-10 08:45:52Z INFO RunnerServer] Establish connection with 60 seconds timeout.
[2025-11-10 08:45:52Z INFO GitHubActionsService] Starting operation Location.GetConnectionData
[2025-11-10 08:45:52Z INFO GitHubActionsService] Finished operation Location.GetConnectionData
[2025-11-10 08:45:52Z INFO GitHubActionsService] Finished operation Location.GetConnectionData
[2025-11-10 08:45:52Z INFO GitHubActionsService] Finished operation Location.GetConnectionData
[2025-11-10 08:45:52Z INFO BrokerMessageListener] VssConnection created
[2025-11-10 08:45:52Z INFO Terminal] WRITE LINE: 
[2025-11-10 08:45:52Z INFO Terminal] WRITE LINE: 
[2025-11-10 08:45:52Z INFO RSAEncryptedFileKeyManager] Loading RSA key parameters from file D:\projects\devops-lab-2\actions-runner\actions-runner-win-x64-2.329.0\.credentials_rsaparams
[2025-11-10 08:45:52Z INFO RSAEncryptedFileKeyManager] Loading RSA key parameters from file D:\projects\devops-lab-2\actions-runner\actions-runner-win-x64-2.329.0\.credentials_rsaparams
[2025-11-10 08:45:53Z INFO GitHubActionsService] AAD Correlation ID for this token request: Unknown
[2025-11-10 08:45:53Z INFO BrokerMessageListener] Session created.
[2025-11-10 08:45:53Z INFO Runner] Successfully created session with migrated settings
[2025-11-10 08:45:53Z INFO Terminal] WRITE LINE: Current runner version: '2.329.0'
[2025-11-10 08:45:53Z INFO Terminal] WRITE LINE: 2025-11-10 08:45:53Z: Listening for Jobs
[2025-11-10 08:45:53Z INFO JobDispatcher] Set runner/worker IPC timeout to 30 seconds.
